2015-05-31T17:21:49+00:00 ERR (3): 
exception 'Mage_Core_Exception' with message 'Invalid block type: Mage_Responsivebannerslider_Block_Index' in /home/isi/Escritorio/magento/app/Mage.php:595
Stack trace:
#0 /home/isi/Escritorio/magento/app/code/core/Mage/Core/Model/Layout.php(495): Mage::throwException('Invalid block t...')
#1 /home/isi/Escritorio/magento/app/code/core/Mage/Core/Model/Layout.php(437): Mage_Core_Model_Layout->_getBlockInstance('responsivebanne...', Array)
#2 /home/isi/Escritorio/magento/app/code/core/Mage/Core/Model/Email/Template/Filter.php(169): Mage_Core_Model_Layout->createBlock('responsivebanne...', NULL, Array)
#3 [internal function]: Mage_Core_Model_Email_Template_Filter->blockDirective(Array)
#4 /home/isi/Escritorio/magento/lib/Varien/Filter/Template.php(163): call_user_func(Array, Array)
#5 /home/isi/Escritorio/magento/app/code/core/Mage/Core/Model/Email/Template/Filter.php(548): Varien_Filter_Template->filter('<p>{{block type...')
#6 /home/isi/Escritorio/magento/app/code/core/Mage/Cms/Block/Page.php(101): Mage_Core_Model_Email_Template_Filter->filter('<p>{{block type...')
#7 /home/isi/Escritorio/magento/app/code/core/Mage/Core/Block/Abstract.php(919): Mage_Cms_Block_Page->_toHtml()
#8 /home/isi/Escritorio/magento/app/code/core/Mage/Core/Block/Abstract.php(637): Mage_Core_Block_Abstract->toHtml()
#9 /home/isi/Escritorio/magento/app/code/core/Mage/Core/Block/Abstract.php(577): Mage_Core_Block_Abstract->_getChildHtml('cms_page', true)
#10 /home/isi/Escritorio/magento/app/code/core/Mage/Page/Block/Html/Wrapper.php(52): Mage_Core_Block_Abstract->getChildHtml('', true, true)
#11 /home/isi/Escritorio/magento/app/code/core/Mage/Core/Block/Abstract.php(919): Mage_Page_Block_Html_Wrapper->_toHtml()
#12 /home/isi/Escritorio/magento/app/code/core/Mage/Core/Block/Text/List.php(43): Mage_Core_Block_Abstract->toHtml()
#13 /home/isi/Escritorio/magento/app/code/core/Mage/Core/Block/Abstract.php(919): Mage_Core_Block_Text_List->_toHtml()
#14 /home/isi/Escritorio/magento/app/code/core/Mage/Core/Block/Abstract.php(637): Mage_Core_Block_Abstract->toHtml()
#15 /home/isi/Escritorio/magento/app/code/core/Mage/Core/Block/Abstract.php(581): Mage_Core_Block_Abstract->_getChildHtml('content', true)
#16 /home/isi/Escritorio/magento/app/design/frontend/default/simplegreat/template/page/1column.phtml(20): Mage_Core_Block_Abstract->getChildHtml('content')
#17 /home/isi/Escritorio/magento/app/code/core/Mage/Core/Block/Template.php(241): include('/home/isi/Escri...')
#18 /home/isi/Escritorio/magento/app/code/core/Mage/Core/Block/Template.php(272): Mage_Core_Block_Template->fetchView('frontend/defaul...')
#19 /home/isi/Escritorio/magento/app/code/core/Mage/Core/Block/Template.php(286): Mage_Core_Block_Template->renderView()
#20 /home/isi/Escritorio/magento/app/code/core/Mage/Core/Block/Abstract.php(919): Mage_Core_Block_Template->_toHtml()
#21 /home/isi/Escritorio/magento/app/code/core/Mage/Core/Model/Layout.php(555): Mage_Core_Block_Abstract->toHtml()
#22 /home/isi/Escritorio/magento/app/code/core/Mage/Core/Controller/Varien/Action.php(390): Mage_Core_Model_Layout->getOutput()
#23 /home/isi/Escritorio/magento/app/code/core/Mage/Cms/Helper/Page.php(137): Mage_Core_Controller_Varien_Action->renderLayout()
#24 /home/isi/Escritorio/magento/app/code/core/Mage/Cms/Helper/Page.php(52): Mage_Cms_Helper_Page->_renderPage(Object(Mage_Cms_IndexController), 'home')
#25 /home/isi/Escritorio/magento/app/code/core/Mage/Cms/controllers/IndexController.php(45): Mage_Cms_Helper_Page->renderPage(Object(Mage_Cms_IndexController), 'home')
#26 /home/isi/Escritorio/magento/app/code/core/Mage/Core/Controller/Varien/Action.php(418): Mage_Cms_IndexController->indexAction()
#27 /home/isi/Escritorio/magento/app/code/core/Mage/Core/Controller/Varien/Router/Standard.php(250): Mage_Core_Controller_Varien_Action->dispatch('index')
#28 /home/isi/Escritorio/magento/app/code/core/Mage/Core/Controller/Varien/Front.php(172): Mage_Core_Controller_Varien_Router_Standard->match(Object(Mage_Core_Controller_Request_Http))
#29 /home/isi/Escritorio/magento/app/code/core/Mage/Core/Model/App.php(354): Mage_Core_Controller_Varien_Front->dispatch()
#30 /home/isi/Escritorio/magento/app/Mage.php(684): Mage_Core_Model_App->run(Array)
#31 /home/isi/Escritorio/magento/index.php(87): Mage::run('', 'store')
#32 {main}
2015-06-01T16:19:42+00:00 ERR (3): 
exception 'Mage_Core_Exception' with message 'Invalid block type: Mage_Responsivebannerslider_Block_Index' in /home/isi/Escritorio/magento/app/Mage.php:595
Stack trace:
#0 /home/isi/Escritorio/magento/app/code/core/Mage/Core/Model/Layout.php(495): Mage::throwException('Invalid block t...')
#1 /home/isi/Escritorio/magento/app/code/core/Mage/Core/Model/Layout.php(437): Mage_Core_Model_Layout->_getBlockInstance('responsivebanne...', Array)
#2 /home/isi/Escritorio/magento/app/code/core/Mage/Core/Model/Email/Template/Filter.php(169): Mage_Core_Model_Layout->createBlock('responsivebanne...', NULL, Array)
#3 [internal function]: Mage_Core_Model_Email_Template_Filter->blockDirective(Array)
#4 /home/isi/Escritorio/magento/lib/Varien/Filter/Template.php(163): call_user_func(Array, Array)
#5 /home/isi/Escritorio/magento/app/code/core/Mage/Core/Model/Email/Template/Filter.php(548): Varien_Filter_Template->filter('<p>{{block type...')
#6 /home/isi/Escritorio/magento/app/code/core/Mage/Cms/Block/Page.php(101): Mage_Core_Model_Email_Template_Filter->filter('<p>{{block type...')
#7 /home/isi/Escritorio/magento/app/code/core/Mage/Core/Block/Abstract.php(919): Mage_Cms_Block_Page->_toHtml()
#8 /home/isi/Escritorio/magento/app/code/core/Mage/Core/Block/Abstract.php(637): Mage_Core_Block_Abstract->toHtml()
#9 /home/isi/Escritorio/magento/app/code/core/Mage/Core/Block/Abstract.php(577): Mage_Core_Block_Abstract->_getChildHtml('cms_page', true)
#10 /home/isi/Escritorio/magento/app/code/core/Mage/Page/Block/Html/Wrapper.php(52): Mage_Core_Block_Abstract->getChildHtml('', true, true)
#11 /home/isi/Escritorio/magento/app/code/core/Mage/Core/Block/Abstract.php(919): Mage_Page_Block_Html_Wrapper->_toHtml()
#12 /home/isi/Escritorio/magento/app/code/core/Mage/Core/Block/Text/List.php(43): Mage_Core_Block_Abstract->toHtml()
#13 /home/isi/Escritorio/magento/app/code/core/Mage/Core/Block/Abstract.php(919): Mage_Core_Block_Text_List->_toHtml()
#14 /home/isi/Escritorio/magento/app/code/core/Mage/Core/Block/Abstract.php(637): Mage_Core_Block_Abstract->toHtml()
#15 /home/isi/Escritorio/magento/app/code/core/Mage/Core/Block/Abstract.php(581): Mage_Core_Block_Abstract->_getChildHtml('content', true)
#16 /home/isi/Escritorio/magento/app/design/frontend/default/simplegreat/template/page/1column.phtml(20): Mage_Core_Block_Abstract->getChildHtml('content')
#17 /home/isi/Escritorio/magento/app/code/core/Mage/Core/Block/Template.php(241): include('/home/isi/Escri...')
#18 /home/isi/Escritorio/magento/app/code/core/Mage/Core/Block/Template.php(272): Mage_Core_Block_Template->fetchView('frontend/defaul...')
#19 /home/isi/Escritorio/magento/app/code/core/Mage/Core/Block/Template.php(286): Mage_Core_Block_Template->renderView()
#20 /home/isi/Escritorio/magento/app/code/core/Mage/Core/Block/Abstract.php(919): Mage_Core_Block_Template->_toHtml()
#21 /home/isi/Escritorio/magento/app/code/core/Mage/Core/Model/Layout.php(555): Mage_Core_Block_Abstract->toHtml()
#22 /home/isi/Escritorio/magento/app/code/core/Mage/Core/Controller/Varien/Action.php(390): Mage_Core_Model_Layout->getOutput()
#23 /home/isi/Escritorio/magento/app/code/core/Mage/Cms/Helper/Page.php(137): Mage_Core_Controller_Varien_Action->renderLayout()
#24 /home/isi/Escritorio/magento/app/code/core/Mage/Cms/Helper/Page.php(52): Mage_Cms_Helper_Page->_renderPage(Object(Mage_Cms_IndexController), 'home')
#25 /home/isi/Escritorio/magento/app/code/core/Mage/Cms/controllers/IndexController.php(45): Mage_Cms_Helper_Page->renderPage(Object(Mage_Cms_IndexController), 'home')
#26 /home/isi/Escritorio/magento/app/code/core/Mage/Core/Controller/Varien/Action.php(418): Mage_Cms_IndexController->indexAction()
#27 /home/isi/Escritorio/magento/app/code/core/Mage/Core/Controller/Varien/Router/Standard.php(250): Mage_Core_Controller_Varien_Action->dispatch('index')
#28 /home/isi/Escritorio/magento/app/code/core/Mage/Core/Controller/Varien/Front.php(172): Mage_Core_Controller_Varien_Router_Standard->match(Object(Mage_Core_Controller_Request_Http))
#29 /home/isi/Escritorio/magento/app/code/core/Mage/Core/Model/App.php(354): Mage_Core_Controller_Varien_Front->dispatch()
#30 /home/isi/Escritorio/magento/app/Mage.php(684): Mage_Core_Model_App->run(Array)
#31 /home/isi/Escritorio/magento/index.php(87): Mage::run('', 'store')
#32 {main}
2015-06-01T16:24:07+00:00 ERR (3): 
exception 'Mage_Core_Exception' with message 'Invalid block type: Mage_Responsivebannerslider_Block_Index' in /home/isi/Escritorio/magento/app/Mage.php:595
Stack trace:
#0 /home/isi/Escritorio/magento/app/code/core/Mage/Core/Model/Layout.php(495): Mage::throwException('Invalid block t...')
#1 /home/isi/Escritorio/magento/app/code/core/Mage/Core/Model/Layout.php(437): Mage_Core_Model_Layout->_getBlockInstance('responsivebanne...', Array)
#2 /home/isi/Escritorio/magento/app/code/core/Mage/Core/Model/Email/Template/Filter.php(169): Mage_Core_Model_Layout->createBlock('responsivebanne...', NULL, Array)
#3 [internal function]: Mage_Core_Model_Email_Template_Filter->blockDirective(Array)
#4 /home/isi/Escritorio/magento/lib/Varien/Filter/Template.php(163): call_user_func(Array, Array)
#5 /home/isi/Escritorio/magento/app/code/core/Mage/Core/Model/Email/Template/Filter.php(548): Varien_Filter_Template->filter('<p>{{block type...')
#6 /home/isi/Escritorio/magento/app/code/core/Mage/Cms/Block/Page.php(101): Mage_Core_Model_Email_Template_Filter->filter('<p>{{block type...')
#7 /home/isi/Escritorio/magento/app/code/core/Mage/Core/Block/Abstract.php(919): Mage_Cms_Block_Page->_toHtml()
#8 /home/isi/Escritorio/magento/app/code/core/Mage/Core/Block/Abstract.php(637): Mage_Core_Block_Abstract->toHtml()
#9 /home/isi/Escritorio/magento/app/code/core/Mage/Core/Block/Abstract.php(577): Mage_Core_Block_Abstract->_getChildHtml('cms_page', true)
#10 /home/isi/Escritorio/magento/app/code/core/Mage/Page/Block/Html/Wrapper.php(52): Mage_Core_Block_Abstract->getChildHtml('', true, true)
#11 /home/isi/Escritorio/magento/app/code/core/Mage/Core/Block/Abstract.php(919): Mage_Page_Block_Html_Wrapper->_toHtml()
#12 /home/isi/Escritorio/magento/app/code/core/Mage/Core/Block/Text/List.php(43): Mage_Core_Block_Abstract->toHtml()
#13 /home/isi/Escritorio/magento/app/code/core/Mage/Core/Block/Abstract.php(919): Mage_Core_Block_Text_List->_toHtml()
#14 /home/isi/Escritorio/magento/app/code/core/Mage/Core/Block/Abstract.php(637): Mage_Core_Block_Abstract->toHtml()
#15 /home/isi/Escritorio/magento/app/code/core/Mage/Core/Block/Abstract.php(581): Mage_Core_Block_Abstract->_getChildHtml('content', true)
#16 /home/isi/Escritorio/magento/app/design/frontend/default/simplegreat/template/page/1column.phtml(20): Mage_Core_Block_Abstract->getChildHtml('content')
#17 /home/isi/Escritorio/magento/app/code/core/Mage/Core/Block/Template.php(241): include('/home/isi/Escri...')
#18 /home/isi/Escritorio/magento/app/code/core/Mage/Core/Block/Template.php(272): Mage_Core_Block_Template->fetchView('frontend/defaul...')
#19 /home/isi/Escritorio/magento/app/code/core/Mage/Core/Block/Template.php(286): Mage_Core_Block_Template->renderView()
#20 /home/isi/Escritorio/magento/app/code/core/Mage/Core/Block/Abstract.php(919): Mage_Core_Block_Template->_toHtml()
#21 /home/isi/Escritorio/magento/app/code/core/Mage/Core/Model/Layout.php(555): Mage_Core_Block_Abstract->toHtml()
#22 /home/isi/Escritorio/magento/app/code/core/Mage/Core/Controller/Varien/Action.php(390): Mage_Core_Model_Layout->getOutput()
#23 /home/isi/Escritorio/magento/app/code/core/Mage/Cms/Helper/Page.php(137): Mage_Core_Controller_Varien_Action->renderLayout()
#24 /home/isi/Escritorio/magento/app/code/core/Mage/Cms/Helper/Page.php(52): Mage_Cms_Helper_Page->_renderPage(Object(Mage_Cms_IndexController), 'home')
#25 /home/isi/Escritorio/magento/app/code/core/Mage/Cms/controllers/IndexController.php(45): Mage_Cms_Helper_Page->renderPage(Object(Mage_Cms_IndexController), 'home')
#26 /home/isi/Escritorio/magento/app/code/core/Mage/Core/Controller/Varien/Action.php(418): Mage_Cms_IndexController->indexAction()
#27 /home/isi/Escritorio/magento/app/code/core/Mage/Core/Controller/Varien/Router/Standard.php(250): Mage_Core_Controller_Varien_Action->dispatch('index')
#28 /home/isi/Escritorio/magento/app/code/core/Mage/Core/Controller/Varien/Front.php(172): Mage_Core_Controller_Varien_Router_Standard->match(Object(Mage_Core_Controller_Request_Http))
#29 /home/isi/Escritorio/magento/app/code/core/Mage/Core/Model/App.php(354): Mage_Core_Controller_Varien_Front->dispatch()
#30 /home/isi/Escritorio/magento/app/Mage.php(684): Mage_Core_Model_App->run(Array)
#31 /home/isi/Escritorio/magento/index.php(87): Mage::run('', 'store')
#32 {main}
2015-06-01T16:26:41+00:00 ERR (3): 
exception 'Mage_Core_Exception' with message 'Invalid block type: Mage_Responsivebannerslider_Block_Index' in /home/isi/Escritorio/magento/app/Mage.php:595
Stack trace:
#0 /home/isi/Escritorio/magento/app/code/core/Mage/Core/Model/Layout.php(495): Mage::throwException('Invalid block t...')
#1 /home/isi/Escritorio/magento/app/code/core/Mage/Core/Model/Layout.php(437): Mage_Core_Model_Layout->_getBlockInstance('responsivebanne...', Array)
#2 /home/isi/Escritorio/magento/app/code/core/Mage/Core/Model/Email/Template/Filter.php(169): Mage_Core_Model_Layout->createBlock('responsivebanne...', NULL, Array)
#3 [internal function]: Mage_Core_Model_Email_Template_Filter->blockDirective(Array)
#4 /home/isi/Escritorio/magento/lib/Varien/Filter/Template.php(163): call_user_func(Array, Array)
#5 /home/isi/Escritorio/magento/app/code/core/Mage/Core/Model/Email/Template/Filter.php(548): Varien_Filter_Template->filter('<p>{{block type...')
#6 /home/isi/Escritorio/magento/app/code/core/Mage/Cms/Block/Page.php(101): Mage_Core_Model_Email_Template_Filter->filter('<p>{{block type...')
#7 /home/isi/Escritorio/magento/app/code/core/Mage/Core/Block/Abstract.php(919): Mage_Cms_Block_Page->_toHtml()
#8 /home/isi/Escritorio/magento/app/code/core/Mage/Core/Block/Abstract.php(637): Mage_Core_Block_Abstract->toHtml()
#9 /home/isi/Escritorio/magento/app/code/core/Mage/Core/Block/Abstract.php(577): Mage_Core_Block_Abstract->_getChildHtml('cms_page', true)
#10 /home/isi/Escritorio/magento/app/code/core/Mage/Page/Block/Html/Wrapper.php(52): Mage_Core_Block_Abstract->getChildHtml('', true, true)
#11 /home/isi/Escritorio/magento/app/code/core/Mage/Core/Block/Abstract.php(919): Mage_Page_Block_Html_Wrapper->_toHtml()
#12 /home/isi/Escritorio/magento/app/code/core/Mage/Core/Block/Text/List.php(43): Mage_Core_Block_Abstract->toHtml()
#13 /home/isi/Escritorio/magento/app/code/core/Mage/Core/Block/Abstract.php(919): Mage_Core_Block_Text_List->_toHtml()
#14 /home/isi/Escritorio/magento/app/code/core/Mage/Core/Block/Abstract.php(637): Mage_Core_Block_Abstract->toHtml()
#15 /home/isi/Escritorio/magento/app/code/core/Mage/Core/Block/Abstract.php(581): Mage_Core_Block_Abstract->_getChildHtml('content', true)
#16 /home/isi/Escritorio/magento/app/design/frontend/default/simplegreat/template/page/1column.phtml(20): Mage_Core_Block_Abstract->getChildHtml('content')
#17 /home/isi/Escritorio/magento/app/code/core/Mage/Core/Block/Template.php(241): include('/home/isi/Escri...')
#18 /home/isi/Escritorio/magento/app/code/core/Mage/Core/Block/Template.php(272): Mage_Core_Block_Template->fetchView('frontend/defaul...')
#19 /home/isi/Escritorio/magento/app/code/core/Mage/Core/Block/Template.php(286): Mage_Core_Block_Template->renderView()
#20 /home/isi/Escritorio/magento/app/code/core/Mage/Core/Block/Abstract.php(919): Mage_Core_Block_Template->_toHtml()
#21 /home/isi/Escritorio/magento/app/code/core/Mage/Core/Model/Layout.php(555): Mage_Core_Block_Abstract->toHtml()
#22 /home/isi/Escritorio/magento/app/code/core/Mage/Core/Controller/Varien/Action.php(390): Mage_Core_Model_Layout->getOutput()
#23 /home/isi/Escritorio/magento/app/code/core/Mage/Cms/Helper/Page.php(137): Mage_Core_Controller_Varien_Action->renderLayout()
#24 /home/isi/Escritorio/magento/app/code/core/Mage/Cms/Helper/Page.php(52): Mage_Cms_Helper_Page->_renderPage(Object(Mage_Cms_IndexController), 'home')
#25 /home/isi/Escritorio/magento/app/code/core/Mage/Cms/controllers/IndexController.php(45): Mage_Cms_Helper_Page->renderPage(Object(Mage_Cms_IndexController), 'home')
#26 /home/isi/Escritorio/magento/app/code/core/Mage/Core/Controller/Varien/Action.php(418): Mage_Cms_IndexController->indexAction()
#27 /home/isi/Escritorio/magento/app/code/core/Mage/Core/Controller/Varien/Router/Standard.php(250): Mage_Core_Controller_Varien_Action->dispatch('index')
#28 /home/isi/Escritorio/magento/app/code/core/Mage/Core/Controller/Varien/Front.php(172): Mage_Core_Controller_Varien_Router_Standard->match(Object(Mage_Core_Controller_Request_Http))
#29 /home/isi/Escritorio/magento/app/code/core/Mage/Core/Model/App.php(354): Mage_Core_Controller_Varien_Front->dispatch()
#30 /home/isi/Escritorio/magento/app/Mage.php(684): Mage_Core_Model_App->run(Array)
#31 /home/isi/Escritorio/magento/index.php(87): Mage::run('', 'store')
#32 {main}
2015-06-01T16:26:44+00:00 ERR (3): 
exception 'Mage_Core_Exception' with message 'Invalid block type: Mage_Responsivebannerslider_Block_Index' in /home/isi/Escritorio/magento/app/Mage.php:595
Stack trace:
#0 /home/isi/Escritorio/magento/app/code/core/Mage/Core/Model/Layout.php(495): Mage::throwException('Invalid block t...')
#1 /home/isi/Escritorio/magento/app/code/core/Mage/Core/Model/Layout.php(437): Mage_Core_Model_Layout->_getBlockInstance('responsivebanne...', Array)
#2 /home/isi/Escritorio/magento/app/code/core/Mage/Core/Model/Email/Template/Filter.php(169): Mage_Core_Model_Layout->createBlock('responsivebanne...', NULL, Array)
#3 [internal function]: Mage_Core_Model_Email_Template_Filter->blockDirective(Array)
#4 /home/isi/Escritorio/magento/lib/Varien/Filter/Template.php(163): call_user_func(Array, Array)
#5 /home/isi/Escritorio/magento/app/code/core/Mage/Core/Model/Email/Template/Filter.php(548): Varien_Filter_Template->filter('<p>{{block type...')
#6 /home/isi/Escritorio/magento/app/code/core/Mage/Cms/Block/Page.php(101): Mage_Core_Model_Email_Template_Filter->filter('<p>{{block type...')
#7 /home/isi/Escritorio/magento/app/code/core/Mage/Core/Block/Abstract.php(919): Mage_Cms_Block_Page->_toHtml()
#8 /home/isi/Escritorio/magento/app/code/core/Mage/Core/Block/Abstract.php(637): Mage_Core_Block_Abstract->toHtml()
#9 /home/isi/Escritorio/magento/app/code/core/Mage/Core/Block/Abstract.php(577): Mage_Core_Block_Abstract->_getChildHtml('cms_page', true)
#10 /home/isi/Escritorio/magento/app/code/core/Mage/Page/Block/Html/Wrapper.php(52): Mage_Core_Block_Abstract->getChildHtml('', true, true)
#11 /home/isi/Escritorio/magento/app/code/core/Mage/Core/Block/Abstract.php(919): Mage_Page_Block_Html_Wrapper->_toHtml()
#12 /home/isi/Escritorio/magento/app/code/core/Mage/Core/Block/Text/List.php(43): Mage_Core_Block_Abstract->toHtml()
#13 /home/isi/Escritorio/magento/app/code/core/Mage/Core/Block/Abstract.php(919): Mage_Core_Block_Text_List->_toHtml()
#14 /home/isi/Escritorio/magento/app/code/core/Mage/Core/Block/Abstract.php(637): Mage_Core_Block_Abstract->toHtml()
#15 /home/isi/Escritorio/magento/app/code/core/Mage/Core/Block/Abstract.php(581): Mage_Core_Block_Abstract->_getChildHtml('content', true)
#16 /home/isi/Escritorio/magento/app/design/frontend/default/simplegreat/template/page/1column.phtml(20): Mage_Core_Block_Abstract->getChildHtml('content')
#17 /home/isi/Escritorio/magento/app/code/core/Mage/Core/Block/Template.php(241): include('/home/isi/Escri...')
#18 /home/isi/Escritorio/magento/app/code/core/Mage/Core/Block/Template.php(272): Mage_Core_Block_Template->fetchView('frontend/defaul...')
#19 /home/isi/Escritorio/magento/app/code/core/Mage/Core/Block/Template.php(286): Mage_Core_Block_Template->renderView()
#20 /home/isi/Escritorio/magento/app/code/core/Mage/Core/Block/Abstract.php(919): Mage_Core_Block_Template->_toHtml()
#21 /home/isi/Escritorio/magento/app/code/core/Mage/Core/Model/Layout.php(555): Mage_Core_Block_Abstract->toHtml()
#22 /home/isi/Escritorio/magento/app/code/core/Mage/Core/Controller/Varien/Action.php(390): Mage_Core_Model_Layout->getOutput()
#23 /home/isi/Escritorio/magento/app/code/core/Mage/Cms/Helper/Page.php(137): Mage_Core_Controller_Varien_Action->renderLayout()
#24 /home/isi/Escritorio/magento/app/code/core/Mage/Cms/Helper/Page.php(52): Mage_Cms_Helper_Page->_renderPage(Object(Mage_Cms_IndexController), 'home')
#25 /home/isi/Escritorio/magento/app/code/core/Mage/Cms/controllers/IndexController.php(45): Mage_Cms_Helper_Page->renderPage(Object(Mage_Cms_IndexController), 'home')
#26 /home/isi/Escritorio/magento/app/code/core/Mage/Core/Controller/Varien/Action.php(418): Mage_Cms_IndexController->indexAction()
#27 /home/isi/Escritorio/magento/app/code/core/Mage/Core/Controller/Varien/Router/Standard.php(250): Mage_Core_Controller_Varien_Action->dispatch('index')
#28 /home/isi/Escritorio/magento/app/code/core/Mage/Core/Controller/Varien/Front.php(172): Mage_Core_Controller_Varien_Router_Standard->match(Object(Mage_Core_Controller_Request_Http))
#29 /home/isi/Escritorio/magento/app/code/core/Mage/Core/Model/App.php(354): Mage_Core_Controller_Varien_Front->dispatch()
#30 /home/isi/Escritorio/magento/app/Mage.php(684): Mage_Core_Model_App->run(Array)
#31 /home/isi/Escritorio/magento/index.php(87): Mage::run('', 'store')
#32 {main}
2015-06-01T16:28:50+00:00 ERR (3): 
exception 'Mage_Core_Exception' with message 'Invalid block type: Mage_Responsivebannerslider_Block_Index' in /home/isi/Escritorio/magento/app/Mage.php:595
Stack trace:
#0 /home/isi/Escritorio/magento/app/code/core/Mage/Core/Model/Layout.php(495): Mage::throwException('Invalid block t...')
#1 /home/isi/Escritorio/magento/app/code/core/Mage/Core/Model/Layout.php(437): Mage_Core_Model_Layout->_getBlockInstance('responsivebanne...', Array)
#2 /home/isi/Escritorio/magento/app/code/core/Mage/Core/Model/Email/Template/Filter.php(169): Mage_Core_Model_Layout->createBlock('responsivebanne...', NULL, Array)
#3 [internal function]: Mage_Core_Model_Email_Template_Filter->blockDirective(Array)
#4 /home/isi/Escritorio/magento/lib/Varien/Filter/Template.php(163): call_user_func(Array, Array)
#5 /home/isi/Escritorio/magento/app/code/core/Mage/Core/Model/Email/Template/Filter.php(548): Varien_Filter_Template->filter('<p>{{block type...')
#6 /home/isi/Escritorio/magento/app/code/core/Mage/Cms/Block/Page.php(101): Mage_Core_Model_Email_Template_Filter->filter('<p>{{block type...')
#7 /home/isi/Escritorio/magento/app/code/core/Mage/Core/Block/Abstract.php(919): Mage_Cms_Block_Page->_toHtml()
#8 /home/isi/Escritorio/magento/app/code/core/Mage/Core/Block/Abstract.php(637): Mage_Core_Block_Abstract->toHtml()
#9 /home/isi/Escritorio/magento/app/code/core/Mage/Core/Block/Abstract.php(577): Mage_Core_Block_Abstract->_getChildHtml('cms_page', true)
#10 /home/isi/Escritorio/magento/app/code/core/Mage/Page/Block/Html/Wrapper.php(52): Mage_Core_Block_Abstract->getChildHtml('', true, true)
#11 /home/isi/Escritorio/magento/app/code/core/Mage/Core/Block/Abstract.php(919): Mage_Page_Block_Html_Wrapper->_toHtml()
#12 /home/isi/Escritorio/magento/app/code/core/Mage/Core/Block/Text/List.php(43): Mage_Core_Block_Abstract->toHtml()
#13 /home/isi/Escritorio/magento/app/code/core/Mage/Core/Block/Abstract.php(919): Mage_Core_Block_Text_List->_toHtml()
#14 /home/isi/Escritorio/magento/app/code/core/Mage/Core/Block/Abstract.php(637): Mage_Core_Block_Abstract->toHtml()
#15 /home/isi/Escritorio/magento/app/code/core/Mage/Core/Block/Abstract.php(581): Mage_Core_Block_Abstract->_getChildHtml('content', true)
#16 /home/isi/Escritorio/magento/app/design/frontend/default/simplegreat/template/page/1column.phtml(20): Mage_Core_Block_Abstract->getChildHtml('content')
#17 /home/isi/Escritorio/magento/app/code/core/Mage/Core/Block/Template.php(241): include('/home/isi/Escri...')
#18 /home/isi/Escritorio/magento/app/code/core/Mage/Core/Block/Template.php(272): Mage_Core_Block_Template->fetchView('frontend/defaul...')
#19 /home/isi/Escritorio/magento/app/code/core/Mage/Core/Block/Template.php(286): Mage_Core_Block_Template->renderView()
#20 /home/isi/Escritorio/magento/app/code/core/Mage/Core/Block/Abstract.php(919): Mage_Core_Block_Template->_toHtml()
#21 /home/isi/Escritorio/magento/app/code/core/Mage/Core/Model/Layout.php(555): Mage_Core_Block_Abstract->toHtml()
#22 /home/isi/Escritorio/magento/app/code/core/Mage/Core/Controller/Varien/Action.php(390): Mage_Core_Model_Layout->getOutput()
#23 /home/isi/Escritorio/magento/app/code/core/Mage/Cms/Helper/Page.php(137): Mage_Core_Controller_Varien_Action->renderLayout()
#24 /home/isi/Escritorio/magento/app/code/core/Mage/Cms/Helper/Page.php(52): Mage_Cms_Helper_Page->_renderPage(Object(Mage_Cms_IndexController), 'home')
#25 /home/isi/Escritorio/magento/app/code/core/Mage/Cms/controllers/IndexController.php(45): Mage_Cms_Helper_Page->renderPage(Object(Mage_Cms_IndexController), 'home')
#26 /home/isi/Escritorio/magento/app/code/core/Mage/Core/Controller/Varien/Action.php(418): Mage_Cms_IndexController->indexAction()
#27 /home/isi/Escritorio/magento/app/code/core/Mage/Core/Controller/Varien/Router/Standard.php(250): Mage_Core_Controller_Varien_Action->dispatch('index')
#28 /home/isi/Escritorio/magento/app/code/core/Mage/Core/Controller/Varien/Front.php(172): Mage_Core_Controller_Varien_Router_Standard->match(Object(Mage_Core_Controller_Request_Http))
#29 /home/isi/Escritorio/magento/app/code/core/Mage/Core/Model/App.php(354): Mage_Core_Controller_Varien_Front->dispatch()
#30 /home/isi/Escritorio/magento/app/Mage.php(684): Mage_Core_Model_App->run(Array)
#31 /home/isi/Escritorio/magento/index.php(87): Mage::run('', 'store')
#32 {main}
2015-06-01T16:28:56+00:00 ERR (3): 
exception 'Mage_Core_Exception' with message 'Invalid block type: Mage_Responsivebannerslider_Block_Index' in /home/isi/Escritorio/magento/app/Mage.php:595
Stack trace:
#0 /home/isi/Escritorio/magento/app/code/core/Mage/Core/Model/Layout.php(495): Mage::throwException('Invalid block t...')
#1 /home/isi/Escritorio/magento/app/code/core/Mage/Core/Model/Layout.php(437): Mage_Core_Model_Layout->_getBlockInstance('responsivebanne...', Array)
#2 /home/isi/Escritorio/magento/app/code/core/Mage/Core/Model/Email/Template/Filter.php(169): Mage_Core_Model_Layout->createBlock('responsivebanne...', NULL, Array)
#3 [internal function]: Mage_Core_Model_Email_Template_Filter->blockDirective(Array)
#4 /home/isi/Escritorio/magento/lib/Varien/Filter/Template.php(163): call_user_func(Array, Array)
#5 /home/isi/Escritorio/magento/app/code/core/Mage/Core/Model/Email/Template/Filter.php(548): Varien_Filter_Template->filter('<p>{{block type...')
#6 /home/isi/Escritorio/magento/app/code/core/Mage/Cms/Block/Page.php(101): Mage_Core_Model_Email_Template_Filter->filter('<p>{{block type...')
#7 /home/isi/Escritorio/magento/app/code/core/Mage/Core/Block/Abstract.php(919): Mage_Cms_Block_Page->_toHtml()
#8 /home/isi/Escritorio/magento/app/code/core/Mage/Core/Block/Abstract.php(637): Mage_Core_Block_Abstract->toHtml()
#9 /home/isi/Escritorio/magento/app/code/core/Mage/Core/Block/Abstract.php(577): Mage_Core_Block_Abstract->_getChildHtml('cms_page', true)
#10 /home/isi/Escritorio/magento/app/code/core/Mage/Page/Block/Html/Wrapper.php(52): Mage_Core_Block_Abstract->getChildHtml('', true, true)
#11 /home/isi/Escritorio/magento/app/code/core/Mage/Core/Block/Abstract.php(919): Mage_Page_Block_Html_Wrapper->_toHtml()
#12 /home/isi/Escritorio/magento/app/code/core/Mage/Core/Block/Text/List.php(43): Mage_Core_Block_Abstract->toHtml()
#13 /home/isi/Escritorio/magento/app/code/core/Mage/Core/Block/Abstract.php(919): Mage_Core_Block_Text_List->_toHtml()
#14 /home/isi/Escritorio/magento/app/code/core/Mage/Core/Block/Abstract.php(637): Mage_Core_Block_Abstract->toHtml()
#15 /home/isi/Escritorio/magento/app/code/core/Mage/Core/Block/Abstract.php(581): Mage_Core_Block_Abstract->_getChildHtml('content', true)
#16 /home/isi/Escritorio/magento/app/design/frontend/default/simplegreat/template/page/1column.phtml(20): Mage_Core_Block_Abstract->getChildHtml('content')
#17 /home/isi/Escritorio/magento/app/code/core/Mage/Core/Block/Template.php(241): include('/home/isi/Escri...')
#18 /home/isi/Escritorio/magento/app/code/core/Mage/Core/Block/Template.php(272): Mage_Core_Block_Template->fetchView('frontend/defaul...')
#19 /home/isi/Escritorio/magento/app/code/core/Mage/Core/Block/Template.php(286): Mage_Core_Block_Template->renderView()
#20 /home/isi/Escritorio/magento/app/code/core/Mage/Core/Block/Abstract.php(919): Mage_Core_Block_Template->_toHtml()
#21 /home/isi/Escritorio/magento/app/code/core/Mage/Core/Model/Layout.php(555): Mage_Core_Block_Abstract->toHtml()
#22 /home/isi/Escritorio/magento/app/code/core/Mage/Core/Controller/Varien/Action.php(390): Mage_Core_Model_Layout->getOutput()
#23 /home/isi/Escritorio/magento/app/code/core/Mage/Cms/Helper/Page.php(137): Mage_Core_Controller_Varien_Action->renderLayout()
#24 /home/isi/Escritorio/magento/app/code/core/Mage/Cms/Helper/Page.php(52): Mage_Cms_Helper_Page->_renderPage(Object(Mage_Cms_IndexController), 'home')
#25 /home/isi/Escritorio/magento/app/code/core/Mage/Cms/controllers/IndexController.php(45): Mage_Cms_Helper_Page->renderPage(Object(Mage_Cms_IndexController), 'home')
#26 /home/isi/Escritorio/magento/app/code/core/Mage/Core/Controller/Varien/Action.php(418): Mage_Cms_IndexController->indexAction()
#27 /home/isi/Escritorio/magento/app/code/core/Mage/Core/Controller/Varien/Router/Standard.php(250): Mage_Core_Controller_Varien_Action->dispatch('index')
#28 /home/isi/Escritorio/magento/app/code/core/Mage/Core/Controller/Varien/Front.php(172): Mage_Core_Controller_Varien_Router_Standard->match(Object(Mage_Core_Controller_Request_Http))
#29 /home/isi/Escritorio/magento/app/code/core/Mage/Core/Model/App.php(354): Mage_Core_Controller_Varien_Front->dispatch()
#30 /home/isi/Escritorio/magento/app/Mage.php(684): Mage_Core_Model_App->run(Array)
#31 /home/isi/Escritorio/magento/index.php(87): Mage::run('', 'store')
#32 {main}
2015-06-01T16:29:01+00:00 ERR (3): 
exception 'Mage_Core_Exception' with message 'Invalid block type: Mage_Responsivebannerslider_Block_Index' in /home/isi/Escritorio/magento/app/Mage.php:595
Stack trace:
#0 /home/isi/Escritorio/magento/app/code/core/Mage/Core/Model/Layout.php(495): Mage::throwException('Invalid block t...')
#1 /home/isi/Escritorio/magento/app/code/core/Mage/Core/Model/Layout.php(437): Mage_Core_Model_Layout->_getBlockInstance('responsivebanne...', Array)
#2 /home/isi/Escritorio/magento/app/code/core/Mage/Core/Model/Email/Template/Filter.php(169): Mage_Core_Model_Layout->createBlock('responsivebanne...', NULL, Array)
#3 [internal function]: Mage_Core_Model_Email_Template_Filter->blockDirective(Array)
#4 /home/isi/Escritorio/magento/lib/Varien/Filter/Template.php(163): call_user_func(Array, Array)
#5 /home/isi/Escritorio/magento/app/code/core/Mage/Core/Model/Email/Template/Filter.php(548): Varien_Filter_Template->filter('<p>{{block type...')
#6 /home/isi/Escritorio/magento/app/code/core/Mage/Cms/Block/Page.php(101): Mage_Core_Model_Email_Template_Filter->filter('<p>{{block type...')
#7 /home/isi/Escritorio/magento/app/code/core/Mage/Core/Block/Abstract.php(919): Mage_Cms_Block_Page->_toHtml()
#8 /home/isi/Escritorio/magento/app/code/core/Mage/Core/Block/Abstract.php(637): Mage_Core_Block_Abstract->toHtml()
#9 /home/isi/Escritorio/magento/app/code/core/Mage/Core/Block/Abstract.php(577): Mage_Core_Block_Abstract->_getChildHtml('cms_page', true)
#10 /home/isi/Escritorio/magento/app/code/core/Mage/Page/Block/Html/Wrapper.php(52): Mage_Core_Block_Abstract->getChildHtml('', true, true)
#11 /home/isi/Escritorio/magento/app/code/core/Mage/Core/Block/Abstract.php(919): Mage_Page_Block_Html_Wrapper->_toHtml()
#12 /home/isi/Escritorio/magento/app/code/core/Mage/Core/Block/Text/List.php(43): Mage_Core_Block_Abstract->toHtml()
#13 /home/isi/Escritorio/magento/app/code/core/Mage/Core/Block/Abstract.php(919): Mage_Core_Block_Text_List->_toHtml()
#14 /home/isi/Escritorio/magento/app/code/core/Mage/Core/Block/Abstract.php(637): Mage_Core_Block_Abstract->toHtml()
#15 /home/isi/Escritorio/magento/app/code/core/Mage/Core/Block/Abstract.php(581): Mage_Core_Block_Abstract->_getChildHtml('content', true)
#16 /home/isi/Escritorio/magento/app/design/frontend/default/simplegreat/template/page/1column.phtml(20): Mage_Core_Block_Abstract->getChildHtml('content')
#17 /home/isi/Escritorio/magento/app/code/core/Mage/Core/Block/Template.php(241): include('/home/isi/Escri...')
#18 /home/isi/Escritorio/magento/app/code/core/Mage/Core/Block/Template.php(272): Mage_Core_Block_Template->fetchView('frontend/defaul...')
#19 /home/isi/Escritorio/magento/app/code/core/Mage/Core/Block/Template.php(286): Mage_Core_Block_Template->renderView()
#20 /home/isi/Escritorio/magento/app/code/core/Mage/Core/Block/Abstract.php(919): Mage_Core_Block_Template->_toHtml()
#21 /home/isi/Escritorio/magento/app/code/core/Mage/Core/Model/Layout.php(555): Mage_Core_Block_Abstract->toHtml()
#22 /home/isi/Escritorio/magento/app/code/core/Mage/Core/Controller/Varien/Action.php(390): Mage_Core_Model_Layout->getOutput()
#23 /home/isi/Escritorio/magento/app/code/core/Mage/Cms/Helper/Page.php(137): Mage_Core_Controller_Varien_Action->renderLayout()
#24 /home/isi/Escritorio/magento/app/code/core/Mage/Cms/Helper/Page.php(52): Mage_Cms_Helper_Page->_renderPage(Object(Mage_Cms_IndexController), 'home')
#25 /home/isi/Escritorio/magento/app/code/core/Mage/Cms/controllers/IndexController.php(45): Mage_Cms_Helper_Page->renderPage(Object(Mage_Cms_IndexController), 'home')
#26 /home/isi/Escritorio/magento/app/code/core/Mage/Core/Controller/Varien/Action.php(418): Mage_Cms_IndexController->indexAction()
#27 /home/isi/Escritorio/magento/app/code/core/Mage/Core/Controller/Varien/Router/Standard.php(250): Mage_Core_Controller_Varien_Action->dispatch('index')
#28 /home/isi/Escritorio/magento/app/code/core/Mage/Core/Controller/Varien/Front.php(172): Mage_Core_Controller_Varien_Router_Standard->match(Object(Mage_Core_Controller_Request_Http))
#29 /home/isi/Escritorio/magento/app/code/core/Mage/Core/Model/App.php(354): Mage_Core_Controller_Varien_Front->dispatch()
#30 /home/isi/Escritorio/magento/app/Mage.php(684): Mage_Core_Model_App->run(Array)
#31 /home/isi/Escritorio/magento/index.php(87): Mage::run('', 'store')
#32 {main}
