2015-06-04T10:29:48+00:00 ERR (3): Notice: Use of undefined constant php - assumed 'php'  in /home/isi/Escritorio/magento/app/design/frontend/default/simplegreat/template/catalog/product/list.phtml on line 81
2015-06-04T10:42:11+00:00 ERR (3): Notice: Use of undefined constant php - assumed 'php'  in /home/isi/Escritorio/magento/app/design/frontend/default/simplegreat/template/catalog/product/list.phtml on line 81
2015-06-04T10:49:50+00:00 ERR (3): Notice: Use of undefined constant php - assumed 'php'  in /home/isi/Escritorio/magento/app/design/frontend/default/simplegreat/template/page/html/footer.phtml on line 17
2015-06-04T10:51:42+00:00 ERR (3): Notice: Use of undefined constant php - assumed 'php'  in /home/isi/Escritorio/magento/app/design/frontend/default/simplegreat/template/catalog/product/list.phtml on line 81
2015-06-04T11:07:25+00:00 ERR (3): Notice: Use of undefined constant php - assumed 'php'  in /home/isi/Escritorio/magento/app/design/frontend/default/simplegreat/template/page/html/footer.phtml on line 17
2015-06-04T11:31:27+00:00 ERR (3): Notice: Use of undefined constant php - assumed 'php'  in /home/isi/Escritorio/magento/app/design/frontend/default/simplegreat/template/page/html/footer.phtml on line 17
2015-06-04T12:29:50+00:00 ERR (3): Notice: Use of undefined constant php - assumed 'php'  in /home/isi/Escritorio/magento/app/design/frontend/default/simplegreat/template/page/html/footer.phtml on line 17
2015-06-04T12:42:07+00:00 ERR (3): Notice: Use of undefined constant php - assumed 'php'  in /home/isi/Escritorio/magento/app/design/frontend/default/simplegreat/template/page/html/footer.phtml on line 17
2015-06-04T14:08:49+00:00 ERR (3): Notice: Use of undefined constant php - assumed 'php'  in /home/isi/Escritorio/magento/app/design/frontend/default/simplegreat/template/page/html/footer.phtml on line 17
2015-06-04T14:16:51+00:00 ERR (3): Notice: Use of undefined constant php - assumed 'php'  in /home/isi/Escritorio/magento/app/design/frontend/default/simplegreat/template/page/html/footer.phtml on line 17
2015-06-04T14:25:25+00:00 ERR (3): Notice: Use of undefined constant php - assumed 'php'  in /home/isi/Escritorio/magento/app/design/frontend/default/simplegreat/template/page/html/footer.phtml on line 17
2015-06-04T14:27:52+00:00 ERR (3): Notice: Use of undefined constant php - assumed 'php'  in /home/isi/Escritorio/magento/app/design/frontend/default/simplegreat/template/page/html/footer.phtml on line 17
2015-06-04T14:36:10+00:00 ERR (3): Notice: Use of undefined constant php - assumed 'php'  in /home/isi/Escritorio/magento/app/design/frontend/default/simplegreat/template/page/html/footer.phtml on line 17
2015-06-04T14:45:59+00:00 ERR (3): Notice: Use of undefined constant php - assumed 'php'  in /home/isi/Escritorio/magento/app/design/frontend/default/simplegreat/template/page/html/footer.phtml on line 17
2015-06-04T14:54:27+00:00 ERR (3): Notice: Use of undefined constant php - assumed 'php'  in /home/isi/Escritorio/magento/app/design/frontend/default/simplegreat/template/page/html/footer.phtml on line 17
2015-06-04T14:57:11+00:00 ERR (3): Notice: Use of undefined constant php - assumed 'php'  in /home/isi/Escritorio/magento/app/design/frontend/default/simplegreat/template/page/html/footer.phtml on line 17
2015-06-04T14:57:39+00:00 ERR (3): Notice: Use of undefined constant php - assumed 'php'  in /home/isi/Escritorio/magento/app/design/frontend/default/simplegreat/template/catalog/product/list.phtml on line 81
2015-06-04T14:58:07+00:00 ERR (3): Notice: Use of undefined constant php - assumed 'php'  in /home/isi/Escritorio/magento/app/design/frontend/default/simplegreat/template/catalog/product/list.phtml on line 81
2015-06-04T14:58:15+00:00 ERR (3): Notice: Use of undefined constant php - assumed 'php'  in /home/isi/Escritorio/magento/app/design/frontend/default/simplegreat/template/catalog/product/list.phtml on line 81
2015-06-04T15:11:49+00:00 ERR (3): Notice: Use of undefined constant php - assumed 'php'  in /home/isi/Escritorio/magento/app/design/frontend/default/simplegreat/template/page/html/footer.phtml on line 17
2015-06-04T15:14:40+00:00 ERR (3): Notice: Use of undefined constant php - assumed 'php'  in /home/isi/Escritorio/magento/app/design/frontend/default/simplegreat/template/page/html/footer.phtml on line 17
2015-06-04T15:16:26+00:00 ERR (3): Notice: Use of undefined constant php - assumed 'php'  in /home/isi/Escritorio/magento/app/design/frontend/default/simplegreat/template/page/html/footer.phtml on line 17
2015-06-04T15:22:30+00:00 ERR (3): Notice: Use of undefined constant php - assumed 'php'  in /home/isi/Escritorio/magento/app/design/frontend/default/simplegreat/template/page/html/footer.phtml on line 17
2015-06-04T15:36:49+00:00 ERR (3): Notice: Use of undefined constant php - assumed 'php'  in /home/isi/Escritorio/magento/app/design/frontend/default/simplegreat/template/page/html/footer.phtml on line 17
2015-06-04T16:04:34+00:00 ERR (3): Notice: Use of undefined constant php - assumed 'php'  in /home/isi/Escritorio/magento/app/design/frontend/default/simplegreat/template/page/html/footer.phtml on line 17
2015-06-04T16:07:48+00:00 ERR (3): Notice: Undefined variable: post  in /home/isi/Escritorio/magento/app/code/local/Proyecto/Isidoro/controllers/RecordarController.php on line 22
2015-06-04T16:07:48+00:00 ERR (3): Notice: Undefined variable: post  in /home/isi/Escritorio/magento/app/code/local/Proyecto/Isidoro/controllers/RecordarController.php on line 23
2015-06-04T16:07:48+00:00 ERR (3): Notice: Undefined variable: post  in /home/isi/Escritorio/magento/app/code/local/Proyecto/Isidoro/controllers/RecordarController.php on line 24
2015-06-04T16:07:48+00:00 ERR (3): Notice: Undefined variable: post  in /home/isi/Escritorio/magento/app/code/local/Proyecto/Isidoro/controllers/RecordarController.php on line 25
2015-06-04T17:06:11+00:00 ERR (3): Notice: Use of undefined constant php - assumed 'php'  in /home/isi/Escritorio/magento/app/design/frontend/default/simplegreat/template/page/html/footer.phtml on line 17
2015-06-04T17:15:54+00:00 ERR (3): Notice: Use of undefined constant php - assumed 'php'  in /home/isi/Escritorio/magento/app/design/frontend/default/simplegreat/template/page/html/footer.phtml on line 17
2015-06-06T18:31:28+00:00 ERR (3): Notice: Use of undefined constant php - assumed 'php'  in /home/isi/Escritorio/magento/app/design/frontend/default/simplegreat/template/page/html/footer.phtml on line 17
2015-06-06T20:58:55+00:00 ERR (3): Notice: Use of undefined constant php - assumed 'php'  in /home/isi/Escritorio/magento/app/design/frontend/default/simplegreat/template/page/html/footer.phtml on line 17
2015-06-06T21:17:53+00:00 ERR (3): Notice: Use of undefined constant php - assumed 'php'  in /home/isi/Escritorio/magento/app/design/frontend/default/simplegreat/template/page/html/footer.phtml on line 17
2015-06-06T21:20:58+00:00 ERR (3): Notice: Use of undefined constant php - assumed 'php'  in /home/isi/Escritorio/magento/app/design/frontend/default/simplegreat/template/page/html/footer.phtml on line 17
2015-06-06T21:33:45+00:00 ERR (3): Notice: Use of undefined constant php - assumed 'php'  in /home/isi/Escritorio/magento/app/design/frontend/default/simplegreat/template/catalog/product/list.phtml on line 81
2015-06-06T21:40:36+00:00 ERR (3): Notice: Use of undefined constant php - assumed 'php'  in /home/isi/Escritorio/magento/app/design/frontend/default/simplegreat/template/page/html/footer.phtml on line 17
2015-06-06T22:06:29+00:00 ERR (3): Notice: Use of undefined constant php - assumed 'php'  in /home/isi/Escritorio/magento/app/design/frontend/default/simplegreat/template/page/html/footer.phtml on line 17
2015-06-06T22:13:07+00:00 ERR (3): Notice: Use of undefined constant php - assumed 'php'  in /home/isi/Escritorio/magento/app/design/frontend/default/simplegreat/template/catalog/product/list.phtml on line 81
2015-06-06T23:09:53+00:00 ERR (3): Notice: Use of undefined constant php - assumed 'php'  in /home/isi/Escritorio/magento/app/design/frontend/default/simplegreat/template/page/html/footer.phtml on line 17
2015-06-06T23:23:36+00:00 ERR (3): Notice: Use of undefined constant php - assumed 'php'  in /home/isi/Escritorio/magento/app/design/frontend/default/simplegreat/template/catalog/product/list.phtml on line 81
2015-06-06T23:24:19+00:00 ERR (3): Notice: Use of undefined constant php - assumed 'php'  in /home/isi/Escritorio/magento/app/design/frontend/default/simplegreat/template/page/html/footer.phtml on line 17
2015-06-06T23:39:53+00:00 ERR (3): Notice: Use of undefined constant php - assumed 'php'  in /home/isi/Escritorio/magento/app/design/frontend/default/simplegreat/template/catalog/product/list.phtml on line 81
2015-06-06T23:40:23+00:00 ERR (3): Notice: Undefined index: isAjax  in /home/isi/Escritorio/magento/app/design/frontend/default/simplegreat/template/checkout/cart/sidebar/default.phtml on line 15
2015-06-06T23:40:43+00:00 ERR (3): Notice: Undefined index: isAjax  in /home/isi/Escritorio/magento/app/design/frontend/default/simplegreat/template/checkout/cart/sidebar/default.phtml on line 15
2015-06-06T23:41:14+00:00 ERR (3): Notice: Undefined index: isAjax  in /home/isi/Escritorio/magento/app/design/frontend/default/simplegreat/template/checkout/cart/sidebar/default.phtml on line 15
2015-06-06T23:41:15+00:00 ERR (3): Notice: Undefined index: isAjax  in /home/isi/Escritorio/magento/app/design/frontend/default/simplegreat/template/checkout/cart/sidebar/default.phtml on line 15
2015-06-06T23:41:15+00:00 ERR (3): Notice: Undefined index: isAjax  in /home/isi/Escritorio/magento/app/design/frontend/default/simplegreat/template/checkout/cart/sidebar/default.phtml on line 15
2015-06-06T23:41:15+00:00 ERR (3): Notice: Undefined index: isAjax  in /home/isi/Escritorio/magento/app/design/frontend/default/simplegreat/template/checkout/cart/sidebar/default.phtml on line 15
2015-06-07T14:27:46+00:00 ERR (3): Notice: Use of undefined constant php - assumed 'php'  in /home/isi/Escritorio/magento/app/design/frontend/default/simplegreat/template/page/html/footer.phtml on line 17
2015-06-07T15:13:35+00:00 ERR (3): Notice: Undefined index: pass  in /home/isi/Escritorio/magento/app/code/local/Proyecto/Isidoro/controllers/RecordarController.php on line 29
2015-06-07T15:26:02+00:00 ERR (3): Notice: Use of undefined constant php - assumed 'php'  in /home/isi/Escritorio/magento/app/design/frontend/default/simplegreat/template/catalog/product/list.phtml on line 81
2015-06-07T15:45:27+00:00 ERR (3): Notice: Use of undefined constant php - assumed 'php'  in /home/isi/Escritorio/magento/app/design/frontend/default/simplegreat/template/catalog/product/list.phtml on line 81
2015-06-07T15:45:56+00:00 ERR (3): Notice: Undefined variable: last  in /home/isi/Escritorio/magento/app/design/frontend/default/simplegreat/template/catalog/product/view/tabs.phtml on line 13
2015-06-07T15:47:35+00:00 ERR (3): Notice: Undefined variable: last  in /home/isi/Escritorio/magento/app/design/frontend/default/simplegreat/template/catalog/product/view/tabs.phtml on line 13
2015-06-07T17:21:20+00:00 ERR (3): Notice: Use of undefined constant php - assumed 'php'  in /home/isi/Escritorio/magento/app/design/frontend/default/simplegreat/template/catalog/product/list.phtml on line 81
2015-06-07T17:21:20+00:00 ERR (3): Notice: Use of undefined constant php - assumed 'php'  in /home/isi/Escritorio/magento/app/design/frontend/default/simplegreat/template/page/html/footer.phtml on line 17
2015-06-07T17:33:16+00:00 ERR (3): Notice: Use of undefined constant php - assumed 'php'  in /home/isi/Escritorio/magento/app/design/frontend/default/simplegreat/template/catalog/product/list.phtml on line 81
2015-06-07T17:35:25+00:00 ERR (3): Notice: Use of undefined constant php - assumed 'php'  in /home/isi/Escritorio/magento/app/design/frontend/default/simplegreat/template/catalog/product/list.phtml on line 81
2015-06-07T17:35:25+00:00 ERR (3): Notice: Use of undefined constant php - assumed 'php'  in /home/isi/Escritorio/magento/app/design/frontend/default/simplegreat/template/page/html/footer.phtml on line 17
2015-06-07T17:35:30+00:00 ERR (3): Notice: Undefined variable: last  in /home/isi/Escritorio/magento/app/design/frontend/default/simplegreat/template/catalog/product/view/tabs.phtml on line 13
2015-06-07T17:39:11+00:00 ERR (3): Notice: Undefined variable: last  in /home/isi/Escritorio/magento/app/design/frontend/default/simplegreat/template/catalog/product/view/tabs.phtml on line 13
2015-06-07T17:40:18+00:00 ERR (3): Notice: Use of undefined constant php - assumed 'php'  in /home/isi/Escritorio/magento/app/design/frontend/default/simplegreat/template/catalog/product/list.phtml on line 81
2015-06-07T17:40:23+00:00 ERR (3): Notice: Undefined variable: last  in /home/isi/Escritorio/magento/app/design/frontend/default/simplegreat/template/catalog/product/view/tabs.phtml on line 13
2015-06-07T17:42:09+00:00 ERR (3): Notice: Undefined variable: last  in /home/isi/Escritorio/magento/app/design/frontend/default/simplegreat/template/catalog/product/view/tabs.phtml on line 13
2015-06-07T17:44:24+00:00 ERR (3): Notice: Use of undefined constant php - assumed 'php'  in /home/isi/Escritorio/magento/app/design/frontend/default/simplegreat/template/catalog/product/list.phtml on line 81
2015-06-07T17:44:26+00:00 ERR (3): Notice: Undefined variable: last  in /home/isi/Escritorio/magento/app/design/frontend/default/simplegreat/template/catalog/product/view/tabs.phtml on line 13
2015-06-07T17:49:25+00:00 ERR (3): Notice: Undefined variable: last  in /home/isi/Escritorio/magento/app/design/frontend/default/simplegreat/template/catalog/product/view/tabs.phtml on line 13
2015-06-07T17:49:35+00:00 ERR (3): Notice: Use of undefined constant php - assumed 'php'  in /home/isi/Escritorio/magento/app/design/frontend/default/simplegreat/template/catalog/product/list.phtml on line 81
2015-06-07T17:51:25+00:00 ERR (3): Notice: Use of undefined constant php - assumed 'php'  in /home/isi/Escritorio/magento/app/design/frontend/default/simplegreat/template/catalog/product/list.phtml on line 81
2015-06-07T17:51:29+00:00 ERR (3): Notice: Use of undefined constant php - assumed 'php'  in /home/isi/Escritorio/magento/app/design/frontend/default/simplegreat/template/catalog/product/list.phtml on line 81
2015-06-07T17:58:41+00:00 ERR (3): Notice: Use of undefined constant php - assumed 'php'  in /home/isi/Escritorio/magento/app/design/frontend/default/simplegreat/template/catalog/product/list.phtml on line 81
2015-06-07T17:58:51+00:00 ERR (3): Notice: Undefined variable: last  in /home/isi/Escritorio/magento/app/design/frontend/default/simplegreat/template/catalog/product/view/tabs.phtml on line 13
2015-06-07T18:00:26+00:00 ERR (3): Notice: Undefined variable: last  in /home/isi/Escritorio/magento/app/design/frontend/default/simplegreat/template/catalog/product/view/tabs.phtml on line 13
2015-06-07T18:01:44+00:00 ERR (3): Notice: Use of undefined constant php - assumed 'php'  in /home/isi/Escritorio/magento/app/design/frontend/default/simplegreat/template/catalog/product/list.phtml on line 81
2015-06-07T18:01:51+00:00 ERR (3): Notice: Use of undefined constant php - assumed 'php'  in /home/isi/Escritorio/magento/app/design/frontend/default/simplegreat/template/catalog/product/list.phtml on line 81
2015-06-07T18:01:51+00:00 ERR (3): Notice: Use of undefined constant php - assumed 'php'  in /home/isi/Escritorio/magento/app/design/frontend/default/simplegreat/template/catalog/product/list.phtml on line 81
2015-06-07T18:32:55+00:00 ERR (3): Notice: Use of undefined constant php - assumed 'php'  in /home/isi/Escritorio/magento/app/design/frontend/default/simplegreat/template/catalog/product/list.phtml on line 81
2015-06-07T18:33:01+00:00 ERR (3): Notice: Undefined variable: last  in /home/isi/Escritorio/magento/app/design/frontend/default/simplegreat/template/catalog/product/view/tabs.phtml on line 13
2015-06-07T18:33:36+00:00 ERR (3): Notice: Use of undefined constant php - assumed 'php'  in /home/isi/Escritorio/magento/app/design/frontend/default/simplegreat/template/catalog/product/list.phtml on line 81
2015-06-07T18:33:36+00:00 ERR (3): Notice: Use of undefined constant php - assumed 'php'  in /home/isi/Escritorio/magento/app/design/frontend/default/simplegreat/template/catalog/product/list.phtml on line 81
2015-06-07T18:35:49+00:00 ERR (3): Notice: Use of undefined constant php - assumed 'php'  in /home/isi/Escritorio/magento/app/design/frontend/default/simplegreat/template/catalog/product/list.phtml on line 81
2015-06-07T18:35:49+00:00 ERR (3): Notice: Use of undefined constant php - assumed 'php'  in /home/isi/Escritorio/magento/app/design/frontend/default/simplegreat/template/catalog/product/list.phtml on line 81
2015-06-07T18:35:57+00:00 ERR (3): Notice: Undefined variable: last  in /home/isi/Escritorio/magento/app/design/frontend/default/simplegreat/template/catalog/product/view/tabs.phtml on line 13
2015-06-07T19:11:22+00:00 ERR (3): Notice: Use of undefined constant php - assumed 'php'  in /home/isi/Escritorio/magento/app/design/frontend/default/simplegreat/template/catalog/product/list.phtml on line 81
2015-06-07T19:11:22+00:00 ERR (3): Notice: Use of undefined constant php - assumed 'php'  in /home/isi/Escritorio/magento/app/design/frontend/default/simplegreat/template/catalog/product/list.phtml on line 81
2015-06-07T19:11:22+00:00 ERR (3): Notice: Use of undefined constant php - assumed 'php'  in /home/isi/Escritorio/magento/app/design/frontend/default/simplegreat/template/catalog/product/list.phtml on line 81
2015-06-07T19:11:22+00:00 ERR (3): Notice: Use of undefined constant php - assumed 'php'  in /home/isi/Escritorio/magento/app/design/frontend/default/simplegreat/template/catalog/product/list.phtml on line 81
2015-06-07T19:11:28+00:00 ERR (3): Notice: Undefined variable: last  in /home/isi/Escritorio/magento/app/design/frontend/default/simplegreat/template/catalog/product/view/tabs.phtml on line 13
2015-06-07T19:11:34+00:00 ERR (3): Notice: Use of undefined constant php - assumed 'php'  in /home/isi/Escritorio/magento/app/design/frontend/default/simplegreat/template/catalog/product/list.phtml on line 81
2015-06-07T19:11:34+00:00 ERR (3): Notice: Use of undefined constant php - assumed 'php'  in /home/isi/Escritorio/magento/app/design/frontend/default/simplegreat/template/catalog/product/list.phtml on line 81
2015-06-07T19:11:34+00:00 ERR (3): Notice: Use of undefined constant php - assumed 'php'  in /home/isi/Escritorio/magento/app/design/frontend/default/simplegreat/template/catalog/product/list.phtml on line 81
2015-06-07T19:11:34+00:00 ERR (3): Notice: Use of undefined constant php - assumed 'php'  in /home/isi/Escritorio/magento/app/design/frontend/default/simplegreat/template/catalog/product/list.phtml on line 81
2015-06-07T19:11:49+00:00 ERR (3): Notice: Use of undefined constant php - assumed 'php'  in /home/isi/Escritorio/magento/app/design/frontend/default/simplegreat/template/catalog/product/list.phtml on line 81
2015-06-07T19:11:49+00:00 ERR (3): Notice: Use of undefined constant php - assumed 'php'  in /home/isi/Escritorio/magento/app/design/frontend/default/simplegreat/template/catalog/product/list.phtml on line 81
2015-06-07T19:12:12+00:00 ERR (3): Notice: Use of undefined constant php - assumed 'php'  in /home/isi/Escritorio/magento/app/design/frontend/default/simplegreat/template/catalog/product/list.phtml on line 81
2015-06-07T19:12:12+00:00 ERR (3): Notice: Use of undefined constant php - assumed 'php'  in /home/isi/Escritorio/magento/app/design/frontend/default/simplegreat/template/catalog/product/list.phtml on line 81
2015-06-07T19:12:29+00:00 ERR (3): Notice: Use of undefined constant php - assumed 'php'  in /home/isi/Escritorio/magento/app/design/frontend/default/simplegreat/template/catalog/product/list.phtml on line 81
2015-06-07T19:12:33+00:00 ERR (3): Notice: Use of undefined constant php - assumed 'php'  in /home/isi/Escritorio/magento/app/design/frontend/default/simplegreat/template/catalog/product/list.phtml on line 81
2015-06-07T19:12:36+00:00 ERR (3): Notice: Use of undefined constant php - assumed 'php'  in /home/isi/Escritorio/magento/app/design/frontend/default/simplegreat/template/catalog/product/list.phtml on line 81
2015-06-07T19:12:40+00:00 ERR (3): Notice: Use of undefined constant php - assumed 'php'  in /home/isi/Escritorio/magento/app/design/frontend/default/simplegreat/template/catalog/product/list.phtml on line 81
2015-06-07T19:12:40+00:00 ERR (3): Notice: Use of undefined constant php - assumed 'php'  in /home/isi/Escritorio/magento/app/design/frontend/default/simplegreat/template/catalog/product/list.phtml on line 81
2015-06-07T19:12:43+00:00 ERR (3): Notice: Use of undefined constant php - assumed 'php'  in /home/isi/Escritorio/magento/app/design/frontend/default/simplegreat/template/catalog/product/list.phtml on line 81
2015-06-07T19:12:43+00:00 ERR (3): Notice: Use of undefined constant php - assumed 'php'  in /home/isi/Escritorio/magento/app/design/frontend/default/simplegreat/template/catalog/product/list.phtml on line 81
2015-06-07T20:53:20+00:00 ERR (3): Notice: Use of undefined constant php - assumed 'php'  in /home/isi/Escritorio/magento/app/design/frontend/default/simplegreat/template/page/html/footer.phtml on line 17
2015-06-07T20:53:30+00:00 ERR (3): Notice: Use of undefined constant php - assumed 'php'  in /home/isi/Escritorio/magento/app/design/frontend/default/simplegreat/template/catalog/product/list.phtml on line 81
2015-06-07T20:53:30+00:00 ERR (3): Notice: Use of undefined constant php - assumed 'php'  in /home/isi/Escritorio/magento/app/design/frontend/default/simplegreat/template/catalog/product/list.phtml on line 81
2015-06-07T20:53:30+00:00 ERR (3): Notice: Use of undefined constant php - assumed 'php'  in /home/isi/Escritorio/magento/app/design/frontend/default/simplegreat/template/catalog/product/list.phtml on line 81
2015-06-07T20:53:30+00:00 ERR (3): Notice: Use of undefined constant php - assumed 'php'  in /home/isi/Escritorio/magento/app/design/frontend/default/simplegreat/template/catalog/product/list.phtml on line 81
2015-06-07T20:53:42+00:00 ERR (3): Notice: Undefined variable: last  in /home/isi/Escritorio/magento/app/design/frontend/default/simplegreat/template/catalog/product/view/tabs.phtml on line 13
2015-06-07T20:54:11+00:00 ERR (3): Notice: Use of undefined constant php - assumed 'php'  in /home/isi/Escritorio/magento/app/design/frontend/default/simplegreat/template/catalog/product/list.phtml on line 81
2015-06-07T20:54:11+00:00 ERR (3): Notice: Use of undefined constant php - assumed 'php'  in /home/isi/Escritorio/magento/app/design/frontend/default/simplegreat/template/catalog/product/list.phtml on line 81
2015-06-07T20:54:11+00:00 ERR (3): Notice: Use of undefined constant php - assumed 'php'  in /home/isi/Escritorio/magento/app/design/frontend/default/simplegreat/template/catalog/product/list.phtml on line 81
2015-06-07T20:54:11+00:00 ERR (3): Notice: Use of undefined constant php - assumed 'php'  in /home/isi/Escritorio/magento/app/design/frontend/default/simplegreat/template/catalog/product/list.phtml on line 81
2015-06-07T20:54:18+00:00 ERR (3): Notice: Use of undefined constant php - assumed 'php'  in /home/isi/Escritorio/magento/app/design/frontend/default/simplegreat/template/catalog/product/list.phtml on line 81
2015-06-07T20:54:18+00:00 ERR (3): Notice: Use of undefined constant php - assumed 'php'  in /home/isi/Escritorio/magento/app/design/frontend/default/simplegreat/template/catalog/product/list.phtml on line 81
2015-06-07T20:54:30+00:00 ERR (3): Notice: Use of undefined constant php - assumed 'php'  in /home/isi/Escritorio/magento/app/design/frontend/default/simplegreat/template/catalog/product/list.phtml on line 81
2015-06-07T20:54:30+00:00 ERR (3): Notice: Use of undefined constant php - assumed 'php'  in /home/isi/Escritorio/magento/app/design/frontend/default/simplegreat/template/catalog/product/list.phtml on line 81
2015-06-07T20:54:43+00:00 ERR (3): Notice: Use of undefined constant php - assumed 'php'  in /home/isi/Escritorio/magento/app/design/frontend/default/simplegreat/template/catalog/product/list.phtml on line 81
2015-06-07T20:54:46+00:00 ERR (3): Notice: Use of undefined constant php - assumed 'php'  in /home/isi/Escritorio/magento/app/design/frontend/default/simplegreat/template/catalog/product/list.phtml on line 81
2015-06-07T20:54:54+00:00 ERR (3): Notice: Use of undefined constant php - assumed 'php'  in /home/isi/Escritorio/magento/app/design/frontend/default/simplegreat/template/catalog/product/list.phtml on line 81
2015-06-07T20:54:54+00:00 ERR (3): Notice: Use of undefined constant php - assumed 'php'  in /home/isi/Escritorio/magento/app/design/frontend/default/simplegreat/template/catalog/product/list.phtml on line 81
2015-06-07T20:54:54+00:00 ERR (3): Notice: Use of undefined constant php - assumed 'php'  in /home/isi/Escritorio/magento/app/design/frontend/default/simplegreat/template/catalog/product/list.phtml on line 81
2015-06-07T20:54:54+00:00 ERR (3): Notice: Use of undefined constant php - assumed 'php'  in /home/isi/Escritorio/magento/app/design/frontend/default/simplegreat/template/catalog/product/list.phtml on line 81
2015-06-07T20:55:05+00:00 ERR (3): Notice: Use of undefined constant php - assumed 'php'  in /home/isi/Escritorio/magento/app/design/frontend/default/simplegreat/template/catalog/product/list.phtml on line 81
2015-06-07T20:55:05+00:00 ERR (3): Notice: Use of undefined constant php - assumed 'php'  in /home/isi/Escritorio/magento/app/design/frontend/default/simplegreat/template/catalog/product/list.phtml on line 81
2015-06-07T20:55:36+00:00 ERR (3): Notice: Use of undefined constant php - assumed 'php'  in /home/isi/Escritorio/magento/app/design/frontend/default/simplegreat/template/catalog/product/list.phtml on line 81
2015-06-07T20:55:36+00:00 ERR (3): Notice: Use of undefined constant php - assumed 'php'  in /home/isi/Escritorio/magento/app/design/frontend/default/simplegreat/template/catalog/product/list.phtml on line 81
2015-06-07T20:55:46+00:00 ERR (3): Notice: Use of undefined constant php - assumed 'php'  in /home/isi/Escritorio/magento/app/design/frontend/default/simplegreat/template/catalog/product/list.phtml on line 81
2015-06-07T20:55:46+00:00 ERR (3): Notice: Use of undefined constant php - assumed 'php'  in /home/isi/Escritorio/magento/app/design/frontend/default/simplegreat/template/catalog/product/list.phtml on line 81
2015-06-07T20:56:40+00:00 ERR (3): Notice: Use of undefined constant php - assumed 'php'  in /home/isi/Escritorio/magento/app/design/frontend/default/simplegreat/template/catalog/product/list.phtml on line 81
2015-06-07T20:56:40+00:00 ERR (3): Notice: Use of undefined constant php - assumed 'php'  in /home/isi/Escritorio/magento/app/design/frontend/default/simplegreat/template/catalog/product/list.phtml on line 81
2015-06-07T20:56:51+00:00 ERR (3): Notice: Use of undefined constant php - assumed 'php'  in /home/isi/Escritorio/magento/app/design/frontend/default/simplegreat/template/catalog/product/list.phtml on line 81
2015-06-07T20:56:51+00:00 ERR (3): Notice: Use of undefined constant php - assumed 'php'  in /home/isi/Escritorio/magento/app/design/frontend/default/simplegreat/template/catalog/product/list.phtml on line 81
2015-06-07T20:56:51+00:00 ERR (3): Notice: Use of undefined constant php - assumed 'php'  in /home/isi/Escritorio/magento/app/design/frontend/default/simplegreat/template/catalog/product/list.phtml on line 81
2015-06-07T20:56:51+00:00 ERR (3): Notice: Use of undefined constant php - assumed 'php'  in /home/isi/Escritorio/magento/app/design/frontend/default/simplegreat/template/catalog/product/list.phtml on line 81
2015-06-07T20:56:54+00:00 ERR (3): Notice: Use of undefined constant php - assumed 'php'  in /home/isi/Escritorio/magento/app/design/frontend/default/simplegreat/template/catalog/product/list.phtml on line 81
2015-06-07T20:56:54+00:00 ERR (3): Notice: Use of undefined constant php - assumed 'php'  in /home/isi/Escritorio/magento/app/design/frontend/default/simplegreat/template/catalog/product/list.phtml on line 81
2015-06-07T20:56:54+00:00 ERR (3): Notice: Use of undefined constant php - assumed 'php'  in /home/isi/Escritorio/magento/app/design/frontend/default/simplegreat/template/catalog/product/list.phtml on line 81
2015-06-07T20:58:47+00:00 ERR (3): Notice: Use of undefined constant php - assumed 'php'  in /home/isi/Escritorio/magento/app/design/frontend/default/simplegreat/template/catalog/product/list.phtml on line 81
2015-06-07T20:58:47+00:00 ERR (3): Notice: Use of undefined constant php - assumed 'php'  in /home/isi/Escritorio/magento/app/design/frontend/default/simplegreat/template/catalog/product/list.phtml on line 81
2015-06-07T20:58:53+00:00 ERR (3): Notice: Use of undefined constant php - assumed 'php'  in /home/isi/Escritorio/magento/app/design/frontend/default/simplegreat/template/catalog/product/list.phtml on line 81
2015-06-07T20:58:53+00:00 ERR (3): Notice: Use of undefined constant php - assumed 'php'  in /home/isi/Escritorio/magento/app/design/frontend/default/simplegreat/template/catalog/product/list.phtml on line 81
2015-06-07T20:58:53+00:00 ERR (3): Notice: Use of undefined constant php - assumed 'php'  in /home/isi/Escritorio/magento/app/design/frontend/default/simplegreat/template/catalog/product/list.phtml on line 81
2015-06-07T20:59:10+00:00 ERR (3): Notice: Use of undefined constant php - assumed 'php'  in /home/isi/Escritorio/magento/app/design/frontend/default/simplegreat/template/catalog/product/list.phtml on line 81
2015-06-07T20:59:10+00:00 ERR (3): Notice: Use of undefined constant php - assumed 'php'  in /home/isi/Escritorio/magento/app/design/frontend/default/simplegreat/template/catalog/product/list.phtml on line 81
2015-06-07T20:59:10+00:00 ERR (3): Notice: Use of undefined constant php - assumed 'php'  in /home/isi/Escritorio/magento/app/design/frontend/default/simplegreat/template/catalog/product/list.phtml on line 81
2015-06-07T21:09:52+00:00 ERR (3): Notice: Use of undefined constant php - assumed 'php'  in /home/isi/Escritorio/magento/app/design/frontend/default/simplegreat/template/catalog/product/list.phtml on line 81
2015-06-07T21:09:52+00:00 ERR (3): Notice: Use of undefined constant php - assumed 'php'  in /home/isi/Escritorio/magento/app/design/frontend/default/simplegreat/template/catalog/product/list.phtml on line 81
2015-06-07T21:09:57+00:00 ERR (3): Notice: Undefined variable: last  in /home/isi/Escritorio/magento/app/design/frontend/default/simplegreat/template/catalog/product/view/tabs.phtml on line 13
2015-06-07T21:18:00+00:00 ERR (3): Notice: Use of undefined constant php - assumed 'php'  in /home/isi/Escritorio/magento/app/design/frontend/default/simplegreat/template/catalog/product/list.phtml on line 81
2015-06-07T21:18:07+00:00 ERR (3): Notice: Use of undefined constant php - assumed 'php'  in /home/isi/Escritorio/magento/app/design/frontend/default/simplegreat/template/catalog/product/list.phtml on line 81
2015-06-07T21:18:13+00:00 ERR (3): Notice: Use of undefined constant php - assumed 'php'  in /home/isi/Escritorio/magento/app/design/frontend/default/simplegreat/template/catalog/product/list.phtml on line 81
2015-06-07T21:18:13+00:00 ERR (3): Notice: Use of undefined constant php - assumed 'php'  in /home/isi/Escritorio/magento/app/design/frontend/default/simplegreat/template/catalog/product/list.phtml on line 81
2015-06-07T21:18:15+00:00 ERR (3): Notice: Use of undefined constant php - assumed 'php'  in /home/isi/Escritorio/magento/app/design/frontend/default/simplegreat/template/catalog/product/list.phtml on line 81
2015-06-07T21:18:15+00:00 ERR (3): Notice: Use of undefined constant php - assumed 'php'  in /home/isi/Escritorio/magento/app/design/frontend/default/simplegreat/template/catalog/product/list.phtml on line 81
2015-06-07T21:18:15+00:00 ERR (3): Notice: Use of undefined constant php - assumed 'php'  in /home/isi/Escritorio/magento/app/design/frontend/default/simplegreat/template/catalog/product/list.phtml on line 81
2015-06-07T21:18:15+00:00 ERR (3): Notice: Use of undefined constant php - assumed 'php'  in /home/isi/Escritorio/magento/app/design/frontend/default/simplegreat/template/catalog/product/list.phtml on line 81
2015-06-07T21:18:20+00:00 ERR (3): Notice: Use of undefined constant php - assumed 'php'  in /home/isi/Escritorio/magento/app/design/frontend/default/simplegreat/template/catalog/product/list.phtml on line 81
2015-06-07T21:18:20+00:00 ERR (3): Notice: Use of undefined constant php - assumed 'php'  in /home/isi/Escritorio/magento/app/design/frontend/default/simplegreat/template/catalog/product/list.phtml on line 81
2015-06-07T21:19:08+00:00 ERR (3): Notice: Use of undefined constant php - assumed 'php'  in /home/isi/Escritorio/magento/app/design/frontend/default/simplegreat/template/catalog/product/list.phtml on line 81
2015-06-07T21:19:08+00:00 ERR (3): Notice: Use of undefined constant php - assumed 'php'  in /home/isi/Escritorio/magento/app/design/frontend/default/simplegreat/template/catalog/product/list.phtml on line 81
2015-06-07T21:19:14+00:00 ERR (3): Notice: Use of undefined constant php - assumed 'php'  in /home/isi/Escritorio/magento/app/design/frontend/default/simplegreat/template/catalog/product/list.phtml on line 81
2015-06-07T21:19:32+00:00 ERR (3): Notice: Use of undefined constant php - assumed 'php'  in /home/isi/Escritorio/magento/app/design/frontend/default/simplegreat/template/catalog/product/list.phtml on line 81
2015-06-07T21:19:32+00:00 ERR (3): Notice: Use of undefined constant php - assumed 'php'  in /home/isi/Escritorio/magento/app/design/frontend/default/simplegreat/template/catalog/product/list.phtml on line 81
2015-06-07T21:19:38+00:00 ERR (3): Notice: Use of undefined constant php - assumed 'php'  in /home/isi/Escritorio/magento/app/design/frontend/default/simplegreat/template/catalog/product/list.phtml on line 81
2015-06-07T21:19:38+00:00 ERR (3): Notice: Use of undefined constant php - assumed 'php'  in /home/isi/Escritorio/magento/app/design/frontend/default/simplegreat/template/catalog/product/list.phtml on line 81
2015-06-07T21:19:38+00:00 ERR (3): Notice: Use of undefined constant php - assumed 'php'  in /home/isi/Escritorio/magento/app/design/frontend/default/simplegreat/template/catalog/product/list.phtml on line 81
2015-06-07T21:42:49+00:00 ERR (3): Notice: Use of undefined constant php - assumed 'php'  in /home/isi/Escritorio/magento/app/design/frontend/default/simplegreat/template/catalog/product/list.phtml on line 81
2015-06-07T21:42:49+00:00 ERR (3): Notice: Use of undefined constant php - assumed 'php'  in /home/isi/Escritorio/magento/app/design/frontend/default/simplegreat/template/catalog/product/list.phtml on line 81
2015-06-07T21:42:49+00:00 ERR (3): Notice: Use of undefined constant php - assumed 'php'  in /home/isi/Escritorio/magento/app/design/frontend/default/simplegreat/template/catalog/product/list.phtml on line 81
2015-06-07T21:42:49+00:00 ERR (3): Notice: Use of undefined constant php - assumed 'php'  in /home/isi/Escritorio/magento/app/design/frontend/default/simplegreat/template/catalog/product/list.phtml on line 81
2015-06-07T21:42:49+00:00 ERR (3): Notice: Use of undefined constant php - assumed 'php'  in /home/isi/Escritorio/magento/app/design/frontend/default/simplegreat/template/catalog/product/list.phtml on line 81
2015-06-07T21:42:54+00:00 ERR (3): Notice: Use of undefined constant php - assumed 'php'  in /home/isi/Escritorio/magento/app/design/frontend/default/simplegreat/template/catalog/product/list.phtml on line 81
2015-06-07T21:42:54+00:00 ERR (3): Notice: Use of undefined constant php - assumed 'php'  in /home/isi/Escritorio/magento/app/design/frontend/default/simplegreat/template/catalog/product/list.phtml on line 81
2015-06-07T21:42:54+00:00 ERR (3): Notice: Use of undefined constant php - assumed 'php'  in /home/isi/Escritorio/magento/app/design/frontend/default/simplegreat/template/catalog/product/list.phtml on line 81
2015-06-07T21:53:17+00:00 ERR (3): Notice: Use of undefined constant php - assumed 'php'  in /home/isi/Escritorio/magento/app/design/frontend/default/simplegreat/template/catalog/product/list.phtml on line 81
2015-06-07T21:53:17+00:00 ERR (3): Notice: Use of undefined constant php - assumed 'php'  in /home/isi/Escritorio/magento/app/design/frontend/default/simplegreat/template/catalog/product/list.phtml on line 81
2015-06-07T21:53:17+00:00 ERR (3): Notice: Use of undefined constant php - assumed 'php'  in /home/isi/Escritorio/magento/app/design/frontend/default/simplegreat/template/catalog/product/list.phtml on line 81
2015-06-07T21:53:17+00:00 ERR (3): Notice: Use of undefined constant php - assumed 'php'  in /home/isi/Escritorio/magento/app/design/frontend/default/simplegreat/template/catalog/product/list.phtml on line 81
2015-06-07T21:53:24+00:00 ERR (3): Notice: Use of undefined constant php - assumed 'php'  in /home/isi/Escritorio/magento/app/design/frontend/default/simplegreat/template/catalog/product/list.phtml on line 81
2015-06-07T21:53:24+00:00 ERR (3): Notice: Use of undefined constant php - assumed 'php'  in /home/isi/Escritorio/magento/app/design/frontend/default/simplegreat/template/catalog/product/list.phtml on line 81
2015-06-07T21:53:24+00:00 ERR (3): Notice: Use of undefined constant php - assumed 'php'  in /home/isi/Escritorio/magento/app/design/frontend/default/simplegreat/template/catalog/product/list.phtml on line 81
2015-06-07T21:53:24+00:00 ERR (3): Notice: Use of undefined constant php - assumed 'php'  in /home/isi/Escritorio/magento/app/design/frontend/default/simplegreat/template/catalog/product/list.phtml on line 81
2015-06-07T21:53:24+00:00 ERR (3): Notice: Use of undefined constant php - assumed 'php'  in /home/isi/Escritorio/magento/app/design/frontend/default/simplegreat/template/catalog/product/list.phtml on line 81
2015-06-07T21:53:24+00:00 ERR (3): Notice: Use of undefined constant php - assumed 'php'  in /home/isi/Escritorio/magento/app/design/frontend/default/simplegreat/template/catalog/product/list.phtml on line 81
2015-06-07T21:53:32+00:00 ERR (3): Notice: Use of undefined constant php - assumed 'php'  in /home/isi/Escritorio/magento/app/design/frontend/default/simplegreat/template/catalog/product/list.phtml on line 81
2015-06-07T21:53:32+00:00 ERR (3): Notice: Use of undefined constant php - assumed 'php'  in /home/isi/Escritorio/magento/app/design/frontend/default/simplegreat/template/catalog/product/list.phtml on line 81
2015-06-07T21:53:32+00:00 ERR (3): Notice: Use of undefined constant php - assumed 'php'  in /home/isi/Escritorio/magento/app/design/frontend/default/simplegreat/template/catalog/product/list.phtml on line 81
2015-06-07T21:53:46+00:00 ERR (3): Notice: Use of undefined constant php - assumed 'php'  in /home/isi/Escritorio/magento/app/design/frontend/default/simplegreat/template/catalog/product/list.phtml on line 81
2015-06-07T21:53:46+00:00 ERR (3): Notice: Use of undefined constant php - assumed 'php'  in /home/isi/Escritorio/magento/app/design/frontend/default/simplegreat/template/catalog/product/list.phtml on line 81
2015-06-07T21:53:46+00:00 ERR (3): Notice: Use of undefined constant php - assumed 'php'  in /home/isi/Escritorio/magento/app/design/frontend/default/simplegreat/template/catalog/product/list.phtml on line 81
2015-06-07T21:53:46+00:00 ERR (3): Notice: Use of undefined constant php - assumed 'php'  in /home/isi/Escritorio/magento/app/design/frontend/default/simplegreat/template/catalog/product/list.phtml on line 81
2015-06-07T21:59:08+00:00 ERR (3): Notice: Use of undefined constant php - assumed 'php'  in /home/isi/Escritorio/magento/app/design/frontend/default/simplegreat/template/catalog/product/list.phtml on line 81
2015-06-07T21:59:08+00:00 ERR (3): Notice: Use of undefined constant php - assumed 'php'  in /home/isi/Escritorio/magento/app/design/frontend/default/simplegreat/template/catalog/product/list.phtml on line 81
2015-06-07T21:59:08+00:00 ERR (3): Notice: Use of undefined constant php - assumed 'php'  in /home/isi/Escritorio/magento/app/design/frontend/default/simplegreat/template/catalog/product/list.phtml on line 81
2015-06-07T21:59:08+00:00 ERR (3): Notice: Use of undefined constant php - assumed 'php'  in /home/isi/Escritorio/magento/app/design/frontend/default/simplegreat/template/catalog/product/list.phtml on line 81
2015-06-07T21:59:12+00:00 ERR (3): Notice: Use of undefined constant php - assumed 'php'  in /home/isi/Escritorio/magento/app/design/frontend/default/simplegreat/template/catalog/product/list.phtml on line 81
2015-06-07T21:59:12+00:00 ERR (3): Notice: Use of undefined constant php - assumed 'php'  in /home/isi/Escritorio/magento/app/design/frontend/default/simplegreat/template/catalog/product/list.phtml on line 81
2015-06-07T21:59:12+00:00 ERR (3): Notice: Use of undefined constant php - assumed 'php'  in /home/isi/Escritorio/magento/app/design/frontend/default/simplegreat/template/catalog/product/list.phtml on line 81
2015-06-07T21:59:12+00:00 ERR (3): Notice: Use of undefined constant php - assumed 'php'  in /home/isi/Escritorio/magento/app/design/frontend/default/simplegreat/template/catalog/product/list.phtml on line 81
2015-06-07T21:59:26+00:00 ERR (3): Notice: Undefined variable: last  in /home/isi/Escritorio/magento/app/design/frontend/default/simplegreat/template/catalog/product/view/tabs.phtml on line 13
2015-06-07T22:49:31+00:00 ERR (3): Notice: Use of undefined constant php - assumed 'php'  in /home/isi/Escritorio/magento/app/design/frontend/default/simplegreat/template/catalog/product/list.phtml on line 81
2015-06-07T22:49:31+00:00 ERR (3): Notice: Use of undefined constant php - assumed 'php'  in /home/isi/Escritorio/magento/app/design/frontend/default/simplegreat/template/catalog/product/list.phtml on line 81
2015-06-07T22:49:31+00:00 ERR (3): Notice: Use of undefined constant php - assumed 'php'  in /home/isi/Escritorio/magento/app/design/frontend/default/simplegreat/template/catalog/product/list.phtml on line 81
2015-06-07T22:49:31+00:00 ERR (3): Notice: Use of undefined constant php - assumed 'php'  in /home/isi/Escritorio/magento/app/design/frontend/default/simplegreat/template/catalog/product/list.phtml on line 81
2015-06-07T22:53:26+00:00 ERR (3): Notice: Use of undefined constant php - assumed 'php'  in /home/isi/Escritorio/magento/app/design/frontend/default/simplegreat/template/catalog/product/list.phtml on line 81
2015-06-07T22:53:26+00:00 ERR (3): Notice: Use of undefined constant php - assumed 'php'  in /home/isi/Escritorio/magento/app/design/frontend/default/simplegreat/template/catalog/product/list.phtml on line 81
2015-06-07T22:53:26+00:00 ERR (3): Notice: Use of undefined constant php - assumed 'php'  in /home/isi/Escritorio/magento/app/design/frontend/default/simplegreat/template/catalog/product/list.phtml on line 81
2015-06-07T22:53:26+00:00 ERR (3): Notice: Use of undefined constant php - assumed 'php'  in /home/isi/Escritorio/magento/app/design/frontend/default/simplegreat/template/catalog/product/list.phtml on line 81
2015-06-07T22:53:27+00:00 ERR (3): Notice: Use of undefined constant php - assumed 'php'  in /home/isi/Escritorio/magento/app/design/frontend/default/simplegreat/template/page/html/footer.phtml on line 17
2015-06-07T23:03:37+00:00 ERR (3): Notice: Use of undefined constant php - assumed 'php'  in /home/isi/Escritorio/magento/app/design/frontend/default/simplegreat/template/catalog/product/list.phtml on line 81
2015-06-07T23:08:43+00:00 ERR (3): Notice: Use of undefined constant php - assumed 'php'  in /home/isi/Escritorio/magento/app/design/frontend/default/simplegreat/template/catalog/product/list.phtml on line 81
2015-06-07T23:08:43+00:00 ERR (3): Notice: Use of undefined constant php - assumed 'php'  in /home/isi/Escritorio/magento/app/design/frontend/default/simplegreat/template/catalog/product/list.phtml on line 81
2015-06-07T23:12:59+00:00 ERR (3): Notice: Use of undefined constant php - assumed 'php'  in /home/isi/Escritorio/magento/app/design/frontend/default/simplegreat/template/catalog/product/list.phtml on line 81
2015-06-07T23:12:59+00:00 ERR (3): Notice: Use of undefined constant php - assumed 'php'  in /home/isi/Escritorio/magento/app/design/frontend/default/simplegreat/template/catalog/product/list.phtml on line 81
2015-06-07T23:12:59+00:00 ERR (3): Notice: Use of undefined constant php - assumed 'php'  in /home/isi/Escritorio/magento/app/design/frontend/default/simplegreat/template/catalog/product/list.phtml on line 81
2015-06-07T23:17:01+00:00 ERR (3): Notice: Use of undefined constant php - assumed 'php'  in /home/isi/Escritorio/magento/app/design/frontend/default/simplegreat/template/catalog/product/list.phtml on line 81
2015-06-07T23:17:01+00:00 ERR (3): Notice: Use of undefined constant php - assumed 'php'  in /home/isi/Escritorio/magento/app/design/frontend/default/simplegreat/template/catalog/product/list.phtml on line 81
2015-06-07T23:17:01+00:00 ERR (3): Notice: Use of undefined constant php - assumed 'php'  in /home/isi/Escritorio/magento/app/design/frontend/default/simplegreat/template/catalog/product/list.phtml on line 81
2015-06-07T23:17:01+00:00 ERR (3): Notice: Use of undefined constant php - assumed 'php'  in /home/isi/Escritorio/magento/app/design/frontend/default/simplegreat/template/catalog/product/list.phtml on line 81
2015-06-07T23:17:09+00:00 ERR (3): Notice: Use of undefined constant php - assumed 'php'  in /home/isi/Escritorio/magento/app/design/frontend/default/simplegreat/template/catalog/product/list.phtml on line 81
2015-06-07T23:17:09+00:00 ERR (3): Notice: Use of undefined constant php - assumed 'php'  in /home/isi/Escritorio/magento/app/design/frontend/default/simplegreat/template/catalog/product/list.phtml on line 81
2015-06-07T23:17:09+00:00 ERR (3): Notice: Use of undefined constant php - assumed 'php'  in /home/isi/Escritorio/magento/app/design/frontend/default/simplegreat/template/catalog/product/list.phtml on line 81
2015-06-07T23:17:09+00:00 ERR (3): Notice: Use of undefined constant php - assumed 'php'  in /home/isi/Escritorio/magento/app/design/frontend/default/simplegreat/template/catalog/product/list.phtml on line 81
2015-06-07T23:17:09+00:00 ERR (3): Notice: Use of undefined constant php - assumed 'php'  in /home/isi/Escritorio/magento/app/design/frontend/default/simplegreat/template/catalog/product/list.phtml on line 81
2015-06-08T17:50:19+00:00 ERR (3): Notice: Use of undefined constant php - assumed 'php'  in /home/isi/Escritorio/magento/app/design/frontend/default/simplegreat/template/page/html/footer.phtml on line 17
2015-06-08T17:52:56+00:00 ERR (3): Notice: Use of undefined constant php - assumed 'php'  in /home/isi/Escritorio/magento/app/design/frontend/default/simplegreat/template/catalog/product/list.phtml on line 81
2015-06-08T17:52:56+00:00 ERR (3): Notice: Use of undefined constant php - assumed 'php'  in /home/isi/Escritorio/magento/app/design/frontend/default/simplegreat/template/catalog/product/list.phtml on line 81
2015-06-08T17:52:56+00:00 ERR (3): Notice: Use of undefined constant php - assumed 'php'  in /home/isi/Escritorio/magento/app/design/frontend/default/simplegreat/template/catalog/product/list.phtml on line 81
2015-06-08T17:52:56+00:00 ERR (3): Notice: Use of undefined constant php - assumed 'php'  in /home/isi/Escritorio/magento/app/design/frontend/default/simplegreat/template/catalog/product/list.phtml on line 81
2015-06-08T17:52:56+00:00 ERR (3): Notice: Use of undefined constant php - assumed 'php'  in /home/isi/Escritorio/magento/app/design/frontend/default/simplegreat/template/catalog/product/list.phtml on line 81
2015-06-08T17:53:06+00:00 ERR (3): Notice: Use of undefined constant php - assumed 'php'  in /home/isi/Escritorio/magento/app/design/frontend/default/simplegreat/template/catalog/product/list.phtml on line 81
2015-06-08T17:53:06+00:00 ERR (3): Notice: Use of undefined constant php - assumed 'php'  in /home/isi/Escritorio/magento/app/design/frontend/default/simplegreat/template/catalog/product/list.phtml on line 81
2015-06-08T17:53:06+00:00 ERR (3): Notice: Use of undefined constant php - assumed 'php'  in /home/isi/Escritorio/magento/app/design/frontend/default/simplegreat/template/catalog/product/list.phtml on line 81
2015-06-08T17:53:06+00:00 ERR (3): Notice: Use of undefined constant php - assumed 'php'  in /home/isi/Escritorio/magento/app/design/frontend/default/simplegreat/template/catalog/product/list.phtml on line 81
2015-06-08T17:53:15+00:00 ERR (3): Notice: Undefined variable: last  in /home/isi/Escritorio/magento/app/design/frontend/default/simplegreat/template/catalog/product/view/tabs.phtml on line 13
2015-06-08T17:53:43+00:00 ERR (3): Notice: Use of undefined constant php - assumed 'php'  in /home/isi/Escritorio/magento/app/design/frontend/default/simplegreat/template/catalog/product/list.phtml on line 81
2015-06-08T17:53:43+00:00 ERR (3): Notice: Use of undefined constant php - assumed 'php'  in /home/isi/Escritorio/magento/app/design/frontend/default/simplegreat/template/catalog/product/list.phtml on line 81
2015-06-08T17:53:43+00:00 ERR (3): Notice: Use of undefined constant php - assumed 'php'  in /home/isi/Escritorio/magento/app/design/frontend/default/simplegreat/template/catalog/product/list.phtml on line 81
2015-06-08T17:53:43+00:00 ERR (3): Notice: Use of undefined constant php - assumed 'php'  in /home/isi/Escritorio/magento/app/design/frontend/default/simplegreat/template/catalog/product/list.phtml on line 81
2015-06-08T17:53:47+00:00 ERR (3): Notice: Undefined variable: last  in /home/isi/Escritorio/magento/app/design/frontend/default/simplegreat/template/catalog/product/view/tabs.phtml on line 13
2015-06-08T17:57:46+00:00 ERR (3): Notice: Use of undefined constant php - assumed 'php'  in /home/isi/Escritorio/magento/app/design/frontend/default/simplegreat/template/catalog/product/list.phtml on line 81
2015-06-08T17:57:46+00:00 ERR (3): Notice: Use of undefined constant php - assumed 'php'  in /home/isi/Escritorio/magento/app/design/frontend/default/simplegreat/template/catalog/product/list.phtml on line 81
2015-06-08T17:57:46+00:00 ERR (3): Notice: Use of undefined constant php - assumed 'php'  in /home/isi/Escritorio/magento/app/design/frontend/default/simplegreat/template/catalog/product/list.phtml on line 81
2015-06-08T17:57:46+00:00 ERR (3): Notice: Use of undefined constant php - assumed 'php'  in /home/isi/Escritorio/magento/app/design/frontend/default/simplegreat/template/catalog/product/list.phtml on line 81
2015-06-08T18:04:41+00:00 ERR (3): Notice: Use of undefined constant php - assumed 'php'  in /home/isi/Escritorio/magento/app/design/frontend/default/simplegreat/template/page/html/footer.phtml on line 17
2015-06-08T18:04:52+00:00 ERR (3): Notice: Use of undefined constant php - assumed 'php'  in /home/isi/Escritorio/magento/app/design/frontend/default/simplegreat/template/catalog/product/list.phtml on line 81
2015-06-08T18:04:52+00:00 ERR (3): Notice: Use of undefined constant php - assumed 'php'  in /home/isi/Escritorio/magento/app/design/frontend/default/simplegreat/template/catalog/product/list.phtml on line 81
2015-06-08T18:04:52+00:00 ERR (3): Notice: Use of undefined constant php - assumed 'php'  in /home/isi/Escritorio/magento/app/design/frontend/default/simplegreat/template/catalog/product/list.phtml on line 81
2015-06-08T18:04:52+00:00 ERR (3): Notice: Use of undefined constant php - assumed 'php'  in /home/isi/Escritorio/magento/app/design/frontend/default/simplegreat/template/catalog/product/list.phtml on line 81
2015-06-08T18:04:52+00:00 ERR (3): Notice: Use of undefined constant php - assumed 'php'  in /home/isi/Escritorio/magento/app/design/frontend/default/simplegreat/template/catalog/product/list.phtml on line 81
2015-06-08T18:04:52+00:00 ERR (3): Notice: Use of undefined constant php - assumed 'php'  in /home/isi/Escritorio/magento/app/design/frontend/default/simplegreat/template/catalog/product/list.phtml on line 81
2015-06-08T18:05:17+00:00 ERR (3): Notice: Use of undefined constant php - assumed 'php'  in /home/isi/Escritorio/magento/app/design/frontend/default/simplegreat/template/catalog/product/list.phtml on line 81
2015-06-08T18:05:17+00:00 ERR (3): Notice: Use of undefined constant php - assumed 'php'  in /home/isi/Escritorio/magento/app/design/frontend/default/simplegreat/template/catalog/product/list.phtml on line 81
2015-06-08T18:05:17+00:00 ERR (3): Notice: Use of undefined constant php - assumed 'php'  in /home/isi/Escritorio/magento/app/design/frontend/default/simplegreat/template/catalog/product/list.phtml on line 81
2015-06-08T18:05:21+00:00 ERR (3): Notice: Use of undefined constant php - assumed 'php'  in /home/isi/Escritorio/magento/app/design/frontend/default/simplegreat/template/catalog/product/list.phtml on line 81
2015-06-08T18:05:21+00:00 ERR (3): Notice: Use of undefined constant php - assumed 'php'  in /home/isi/Escritorio/magento/app/design/frontend/default/simplegreat/template/catalog/product/list.phtml on line 81
2015-06-08T18:05:21+00:00 ERR (3): Notice: Use of undefined constant php - assumed 'php'  in /home/isi/Escritorio/magento/app/design/frontend/default/simplegreat/template/catalog/product/list.phtml on line 81
2015-06-08T18:22:37+00:00 ERR (3): Notice: Use of undefined constant php - assumed 'php'  in /home/isi/Escritorio/magento/app/design/frontend/default/simplegreat/template/catalog/product/list.phtml on line 81
2015-06-08T18:22:37+00:00 ERR (3): Notice: Use of undefined constant php - assumed 'php'  in /home/isi/Escritorio/magento/app/design/frontend/default/simplegreat/template/catalog/product/list.phtml on line 81
2015-06-08T18:22:37+00:00 ERR (3): Notice: Use of undefined constant php - assumed 'php'  in /home/isi/Escritorio/magento/app/design/frontend/default/simplegreat/template/catalog/product/list.phtml on line 81
2015-06-08T18:22:37+00:00 ERR (3): Notice: Use of undefined constant php - assumed 'php'  in /home/isi/Escritorio/magento/app/design/frontend/default/simplegreat/template/catalog/product/list.phtml on line 81
2015-06-08T18:23:50+00:00 ERR (3): Notice: Use of undefined constant php - assumed 'php'  in /home/isi/Escritorio/magento/app/design/frontend/default/simplegreat/template/page/html/footer.phtml on line 17
2015-06-08T18:29:26+00:00 ERR (3): Notice: Use of undefined constant php - assumed 'php'  in /home/isi/Escritorio/magento/app/design/frontend/default/simplegreat/template/page/html/footer.phtml on line 17
2015-06-08T18:36:02+00:00 ERR (3): Notice: Use of undefined constant php - assumed 'php'  in /home/isi/Escritorio/magento/app/design/frontend/default/simplegreat/template/page/html/footer.phtml on line 17
2015-06-08T18:38:07+00:00 ERR (3): Notice: Use of undefined constant php - assumed 'php'  in /home/isi/Escritorio/magento/app/design/frontend/default/simplegreat/template/page/html/footer.phtml on line 17
2015-06-08T18:40:17+00:00 ERR (3): Notice: Use of undefined constant php - assumed 'php'  in /home/isi/Escritorio/magento/app/design/frontend/default/simplegreat/template/page/html/footer.phtml on line 17
2015-06-08T18:41:44+00:00 ERR (3): Notice: Use of undefined constant php - assumed 'php'  in /home/isi/Escritorio/magento/app/design/frontend/default/simplegreat/template/page/html/footer.phtml on line 17
2015-06-08T18:45:58+00:00 ERR (3): Notice: Use of undefined constant php - assumed 'php'  in /home/isi/Escritorio/magento/app/design/frontend/default/simplegreat/template/catalog/product/list.phtml on line 81
2015-06-08T18:45:58+00:00 ERR (3): Notice: Use of undefined constant php - assumed 'php'  in /home/isi/Escritorio/magento/app/design/frontend/default/simplegreat/template/catalog/product/list.phtml on line 81
2015-06-08T18:45:58+00:00 ERR (3): Notice: Use of undefined constant php - assumed 'php'  in /home/isi/Escritorio/magento/app/design/frontend/default/simplegreat/template/catalog/product/list.phtml on line 81
2015-06-08T18:45:58+00:00 ERR (3): Notice: Use of undefined constant php - assumed 'php'  in /home/isi/Escritorio/magento/app/design/frontend/default/simplegreat/template/catalog/product/list.phtml on line 81
2015-06-08T18:45:58+00:00 ERR (3): Notice: Use of undefined constant php - assumed 'php'  in /home/isi/Escritorio/magento/app/design/frontend/default/simplegreat/template/catalog/product/list.phtml on line 81
2015-06-08T18:46:03+00:00 ERR (3): Notice: Undefined variable: last  in /home/isi/Escritorio/magento/app/design/frontend/default/simplegreat/template/catalog/product/view/tabs.phtml on line 13
2015-06-08T19:02:52+00:00 ERR (3): Notice: Undefined index: pass  in /home/isi/Escritorio/magento/app/code/local/Proyecto/Isidoro/controllers/RecordarController.php on line 29
2015-06-08T19:10:51+00:00 ERR (3): Notice: Undefined index: pass  in /home/isi/Escritorio/magento/app/code/local/Proyecto/Isidoro/controllers/RecordarController.php on line 29
2015-06-08T20:44:36+00:00 ERR (3): Notice: Use of undefined constant php - assumed 'php'  in /home/isi/Escritorio/magento/app/design/frontend/default/simplegreat/template/page/html/footer.phtml on line 17
2015-06-08T22:10:54+00:00 ERR (3): Notice: Use of undefined constant php - assumed 'php'  in /home/isi/Escritorio/magento/app/design/frontend/default/simplegreat/template/page/html/footer.phtml on line 17
2015-06-08T22:49:46+00:00 ERR (3): Notice: Use of undefined constant sysdate - assumed 'sysdate'  in /home/isi/Escritorio/magento/shell/recordatorio.php on line 72
2015-06-08T22:50:07+00:00 ERR (3): Notice: Use of undefined constant sysdate - assumed 'sysdate'  in /home/isi/Escritorio/magento/shell/recordatorio.php on line 72
2015-06-08T22:50:37+00:00 ERR (3): Notice: Use of undefined constant sysdate - assumed 'sysdate'  in /home/isi/Escritorio/magento/shell/recordatorio.php on line 72
2015-06-08T22:50:37+00:00 ERR (3): Warning: date() expects parameter 2 to be long, string given  in /home/isi/Escritorio/magento/shell/recordatorio.php on line 72
2015-06-08T22:58:43+00:00 ERR (3): Notice: Undefined variable: fecha_diasRestados  in /home/isi/Escritorio/magento/shell/recordatorio.php on line 80
2015-06-09T15:41:27+00:00 ERR (3): Notice: Undefined variable: fecha_diasRestados  in /home/isi/Escritorio/magento/shell/recordatorio.php on line 80
2015-06-09T15:44:15+00:00 ERR (3): Notice: Undefined variable: fecha_diasRestados  in /home/isi/Escritorio/magento/shell/recordatorio.php on line 78
2015-06-09T10:18:15+00:00 ERR (3): Notice: Use of undefined constant php - assumed 'php'  in /home/isi/Escritorio/magento/app/design/frontend/default/simplegreat/template/page/html/footer.phtml on line 17
2015-06-09T10:45:14+00:00 ERR (3): Notice: Use of undefined constant php - assumed 'php'  in /home/isi/Escritorio/magento/app/design/frontend/default/simplegreat/template/catalog/product/list.phtml on line 81
2015-06-09T10:45:14+00:00 ERR (3): Notice: Use of undefined constant php - assumed 'php'  in /home/isi/Escritorio/magento/app/design/frontend/default/simplegreat/template/catalog/product/list.phtml on line 81
2015-06-09T10:45:14+00:00 ERR (3): Notice: Use of undefined constant php - assumed 'php'  in /home/isi/Escritorio/magento/app/design/frontend/default/simplegreat/template/catalog/product/list.phtml on line 81
2015-06-09T10:45:14+00:00 ERR (3): Notice: Use of undefined constant php - assumed 'php'  in /home/isi/Escritorio/magento/app/design/frontend/default/simplegreat/template/catalog/product/list.phtml on line 81
2015-06-09T10:45:14+00:00 ERR (3): Notice: Use of undefined constant php - assumed 'php'  in /home/isi/Escritorio/magento/app/design/frontend/default/simplegreat/template/catalog/product/list.phtml on line 81
2015-06-09T10:45:30+00:00 ERR (3): Notice: Use of undefined constant php - assumed 'php'  in /home/isi/Escritorio/magento/app/design/frontend/default/simplegreat/template/catalog/product/list.phtml on line 81
2015-06-09T10:45:31+00:00 ERR (3): Notice: Use of undefined constant php - assumed 'php'  in /home/isi/Escritorio/magento/app/design/frontend/default/simplegreat/template/catalog/product/list.phtml on line 81
2015-06-09T10:45:31+00:00 ERR (3): Notice: Use of undefined constant php - assumed 'php'  in /home/isi/Escritorio/magento/app/design/frontend/default/simplegreat/template/catalog/product/list.phtml on line 81
2015-06-09T10:45:31+00:00 ERR (3): Notice: Use of undefined constant php - assumed 'php'  in /home/isi/Escritorio/magento/app/design/frontend/default/simplegreat/template/catalog/product/list.phtml on line 81
2015-06-09T10:45:35+00:00 ERR (3): Notice: Undefined variable: last  in /home/isi/Escritorio/magento/app/design/frontend/default/simplegreat/template/catalog/product/view/tabs.phtml on line 13
2015-06-09T10:45:41+00:00 ERR (3): Notice: Use of undefined constant php - assumed 'php'  in /home/isi/Escritorio/magento/app/design/frontend/default/simplegreat/template/catalog/product/list.phtml on line 81
2015-06-09T10:45:41+00:00 ERR (3): Notice: Use of undefined constant php - assumed 'php'  in /home/isi/Escritorio/magento/app/design/frontend/default/simplegreat/template/catalog/product/list.phtml on line 81
2015-06-09T10:45:41+00:00 ERR (3): Notice: Use of undefined constant php - assumed 'php'  in /home/isi/Escritorio/magento/app/design/frontend/default/simplegreat/template/catalog/product/list.phtml on line 81
2015-06-09T10:45:41+00:00 ERR (3): Notice: Use of undefined constant php - assumed 'php'  in /home/isi/Escritorio/magento/app/design/frontend/default/simplegreat/template/catalog/product/list.phtml on line 81
2015-06-10T23:12:56+00:00 ERR (3): Notice: Use of undefined constant php - assumed 'php'  in /home/isi/Escritorio/magento/app/design/frontend/default/simplegreat/template/page/html/footer.phtml on line 17
2015-06-13T14:35:23+00:00 ERR (3): Notice: Use of undefined constant php - assumed 'php'  in /home/isi/Escritorio/magento/app/design/frontend/default/simplegreat/template/page/html/footer.phtml on line 17
